[I 2024-03-14 06:41:35,247] Trial 49 finished with value: {'cscore': 0.856} and parameters: {'N_epochs': 500, 'n_clusters': 15, 'weight_loss': 0.75, 'weight_coords': 1}. Best is trial 13 with value: 0.999.
____ END OF STUDY ___


Using cuda
log dir: /home/vitorro/Repositories/sensors2024/outputs/
------
[I 2024-03-21 11:04:27,564] A new study created in memory with name: maximize_cluster_score: 20parts_10.0level_1anomaly
Trial: 0
- N Epochs: 10000
- N Clusters: 5
- Weight (loss): 0.5
- Weight (coords): 1
Using cuda
log dir: /home/vitorro/Repositories/sensors2024/outputs/autoencoder_optuna/
------
[I 2024-03-21 13:14:29,719] A new study created in memory with name: maximize_autoencoder_auc: 20parts_10level_1anomaly
[W 2024-03-21 13:14:29,825] Trial 0 failed with parameters: {'N_epochs': 1000, 'n_clusters': 20} because of the following error: AttributeError("'Namespace' object has no attribute 'n_layers'").
Traceback (most recent call last):
  File "/home/vitorro/miniconda3/envs/sensors/lib/python3.10/site-packages/optuna/study/_optimize.py", line 200, in _run_trial
    value_or_values = func(trial)
  File "/home/vitorro/Repositories/sensors2024/./dev/test_autoencoder.py", line 133, in objective
    n_layers = trial.suggest_categorical('n_layers', args.n_layers)
AttributeError: 'Namespace' object has no attribute 'n_layers'
[W 2024-03-21 13:14:29,837] Trial 0 failed with value None.
Traceback (most recent call last):
  File "/home/vitorro/Repositories/sensors2024/./dev/test_autoencoder.py", line 213, in <module>
    main(args)
  File "/home/vitorro/Repositories/sensors2024/./dev/test_autoencoder.py", line 183, in main
    study.optimize(objective, n_trials=args.n_trials, gc_after_trial=True)
  File "/home/vitorro/miniconda3/envs/sensors/lib/python3.10/site-packages/optuna/study/study.py", line 451, in optimize
    _optimize(
  File "/home/vitorro/miniconda3/envs/sensors/lib/python3.10/site-packages/optuna/study/_optimize.py", line 66, in _optimize
    _optimize_sequential(
  File "/home/vitorro/miniconda3/envs/sensors/lib/python3.10/site-packages/optuna/study/_optimize.py", line 163, in _optimize_sequential
    frozen_trial = _run_trial(study, func, catch)
  File "/home/vitorro/miniconda3/envs/sensors/lib/python3.10/site-packages/optuna/study/_optimize.py", line 251, in _run_trial
    raise func_err
  File "/home/vitorro/miniconda3/envs/sensors/lib/python3.10/site-packages/optuna/study/_optimize.py", line 200, in _run_trial
    value_or_values = func(trial)
  File "/home/vitorro/Repositories/sensors2024/./dev/test_autoencoder.py", line 133, in objective
    n_layers = trial.suggest_categorical('n_layers', args.n_layers)
AttributeError: 'Namespace' object has no attribute 'n_layers'
Using cuda
log dir: /home/vitorro/Repositories/sensors2024/outputs/autoencoder_optuna/
------
[I 2024-03-21 13:17:01,927] A new study created in memory with name: maximize_autoencoder_auc: 20parts_10level_1anomaly
[W 2024-03-21 13:17:02,033] Trial 0 failed with parameters: {'N_epochs': 1000} because of the following error: AttributeError("'Namespace' object has no attribute 'n_clusters'").
Traceback (most recent call last):
  File "/home/vitorro/miniconda3/envs/sensors/lib/python3.10/site-packages/optuna/study/_optimize.py", line 200, in _run_trial
    value_or_values = func(trial)
  File "/home/vitorro/Repositories/sensors2024/./dev/test_autoencoder.py", line 132, in objective
    n_clusters = trial.suggest_categorical('n_clusters', args.n_clusters)
AttributeError: 'Namespace' object has no attribute 'n_clusters'
[W 2024-03-21 13:17:02,034] Trial 0 failed with value None.
Traceback (most recent call last):
  File "/home/vitorro/Repositories/sensors2024/./dev/test_autoencoder.py", line 214, in <module>
    main(args)
  File "/home/vitorro/Repositories/sensors2024/./dev/test_autoencoder.py", line 183, in main
    study.optimize(objective, n_trials=args.n_trials, gc_after_trial=True)
  File "/home/vitorro/miniconda3/envs/sensors/lib/python3.10/site-packages/optuna/study/study.py", line 451, in optimize
    _optimize(
  File "/home/vitorro/miniconda3/envs/sensors/lib/python3.10/site-packages/optuna/study/_optimize.py", line 66, in _optimize
    _optimize_sequential(
  File "/home/vitorro/miniconda3/envs/sensors/lib/python3.10/site-packages/optuna/study/_optimize.py", line 163, in _optimize_sequential
    frozen_trial = _run_trial(study, func, catch)
  File "/home/vitorro/miniconda3/envs/sensors/lib/python3.10/site-packages/optuna/study/_optimize.py", line 251, in _run_trial
    raise func_err
  File "/home/vitorro/miniconda3/envs/sensors/lib/python3.10/site-packages/optuna/study/_optimize.py", line 200, in _run_trial
    value_or_values = func(trial)
  File "/home/vitorro/Repositories/sensors2024/./dev/test_autoencoder.py", line 132, in objective
    n_clusters = trial.suggest_categorical('n_clusters', args.n_clusters)
AttributeError: 'Namespace' object has no attribute 'n_clusters'
Using cuda
log dir: /home/vitorro/Repositories/sensors2024/outputs/autoencoder_optuna/
------
[I 2024-03-21 13:17:33,922] A new study created in memory with name: maximize_autoencoder_auc: 20parts_10level_1anomaly
Trial: 0
- N Epochs: 5000
- N Layers: 2
- Reduction: 0.5
- Batch size: 2048
- Learing rate: 0.0001
- Training loss: MSELoss()
  0%|          | 0/5000 [00:00<?, ?it/s]  0%|          | 0/5000 [00:00<?, ?it/s]
[W 2024-03-21 13:17:34,092] Trial 0 failed with parameters: {'N_epochs': 5000, 'n_layers': 2, 'reduction': 0.5, 'batch_size': 2048, 'lr': 0.0001} because of the following error: RuntimeError('Input type (torch.cuda.DoubleTensor) and weight type (torch.cuda.FloatTensor) should be the same').
Traceback (most recent call last):
  File "/home/vitorro/miniconda3/envs/sensors/lib/python3.10/site-packages/optuna/study/_optimize.py", line 200, in _run_trial
    value_or_values = func(trial)
  File "/home/vitorro/Repositories/sensors2024/./dev/test_autoencoder.py", line 155, in objective
    auc_list = evaluate_model(model, data, labels, N_epochs, batch_size, lr, training_loss)
  File "/home/vitorro/Repositories/sensors2024/./dev/test_autoencoder.py", line 63, in evaluate_model
    model = train_AE(model, X, N_epochs, batch_size, lr, training_loss)
  File "/home/vitorro/Repositories/sensors2024/./dev/test_autoencoder.py", line 46, in train_AE
    output = model(batch)
  File "/home/vitorro/miniconda3/envs/sensors/lib/python3.10/site-packages/torch/nn/modules/module.py", line 1501, in _call_impl
    return forward_call(*args, **kwargs)
  File "/home/vitorro/Repositories/sensors2024/sensors/nn/models.py", line 129, in forward
    f = self.conv1d(x)
  File "/home/vitorro/miniconda3/envs/sensors/lib/python3.10/site-packages/torch/nn/modules/module.py", line 1501, in _call_impl
    return forward_call(*args, **kwargs)
  File "/home/vitorro/miniconda3/envs/sensors/lib/python3.10/site-packages/torch/nn/modules/conv.py", line 313, in forward
    return self._conv_forward(input, self.weight, self.bias)
  File "/home/vitorro/miniconda3/envs/sensors/lib/python3.10/site-packages/torch/nn/modules/conv.py", line 309, in _conv_forward
    return F.conv1d(input, weight, bias, self.stride,
RuntimeError: Input type (torch.cuda.DoubleTensor) and weight type (torch.cuda.FloatTensor) should be the same
[W 2024-03-21 13:17:34,094] Trial 0 failed with value None.
Traceback (most recent call last):
  File "/home/vitorro/Repositories/sensors2024/./dev/test_autoencoder.py", line 212, in <module>
    main(args)
  File "/home/vitorro/Repositories/sensors2024/./dev/test_autoencoder.py", line 181, in main
    study.optimize(objective, n_trials=args.n_trials, gc_after_trial=True)
  File "/home/vitorro/miniconda3/envs/sensors/lib/python3.10/site-packages/optuna/study/study.py", line 451, in optimize
    _optimize(
  File "/home/vitorro/miniconda3/envs/sensors/lib/python3.10/site-packages/optuna/study/_optimize.py", line 66, in _optimize
    _optimize_sequential(
  File "/home/vitorro/miniconda3/envs/sensors/lib/python3.10/site-packages/optuna/study/_optimize.py", line 163, in _optimize_sequential
    frozen_trial = _run_trial(study, func, catch)
  File "/home/vitorro/miniconda3/envs/sensors/lib/python3.10/site-packages/optuna/study/_optimize.py", line 251, in _run_trial
    raise func_err
  File "/home/vitorro/miniconda3/envs/sensors/lib/python3.10/site-packages/optuna/study/_optimize.py", line 200, in _run_trial
    value_or_values = func(trial)
  File "/home/vitorro/Repositories/sensors2024/./dev/test_autoencoder.py", line 155, in objective
    auc_list = evaluate_model(model, data, labels, N_epochs, batch_size, lr, training_loss)
  File "/home/vitorro/Repositories/sensors2024/./dev/test_autoencoder.py", line 63, in evaluate_model
    model = train_AE(model, X, N_epochs, batch_size, lr, training_loss)
  File "/home/vitorro/Repositories/sensors2024/./dev/test_autoencoder.py", line 46, in train_AE
    output = model(batch)
  File "/home/vitorro/miniconda3/envs/sensors/lib/python3.10/site-packages/torch/nn/modules/module.py", line 1501, in _call_impl
    return forward_call(*args, **kwargs)
  File "/home/vitorro/Repositories/sensors2024/sensors/nn/models.py", line 129, in forward
    f = self.conv1d(x)
  File "/home/vitorro/miniconda3/envs/sensors/lib/python3.10/site-packages/torch/nn/modules/module.py", line 1501, in _call_impl
    return forward_call(*args, **kwargs)
  File "/home/vitorro/miniconda3/envs/sensors/lib/python3.10/site-packages/torch/nn/modules/conv.py", line 313, in forward
    return self._conv_forward(input, self.weight, self.bias)
  File "/home/vitorro/miniconda3/envs/sensors/lib/python3.10/site-packages/torch/nn/modules/conv.py", line 309, in _conv_forward
    return F.conv1d(input, weight, bias, self.stride,
RuntimeError: Input type (torch.cuda.DoubleTensor) and weight type (torch.cuda.FloatTensor) should be the same
Using cuda
log dir: /home/vitorro/Repositories/sensors2024/outputs/autoencoder_optuna/
------
[I 2024-03-21 13:26:57,608] A new study created in memory with name: maximize_autoencoder_auc: 20parts_10level_1anomaly
Trial: 0
- N Epochs: 1000
- N Layers: 2
- Reduction: 0.5
- Batch size: 2048
- Learing rate: 0.01
- Training loss: MSELoss()
  0%|          | 0/1000 [00:00<?, ?it/s]  0%|          | 1/1000 [00:00<04:52,  3.41it/s]  2%|▏         | 16/1000 [00:00<00:19, 51.35it/s]  3%|▎         | 28/1000 [00:00<00:13, 72.43it/s]  4%|▍         | 42/1000 [00:00<00:10, 91.83it/s]  6%|▌         | 59/1000 [00:00<00:08, 114.78it/s]  7%|▋         | 73/1000 [00:00<00:09, 95.94it/s]   9%|▉         | 90/1000 [00:00<00:07, 114.04it/s] 11%|█         | 106/1000 [00:01<00:07, 125.60it/s] 12%|█▏        | 122/1000 [00:01<00:06, 134.17it/s] 14%|█▎        | 137/1000 [00:01<00:08, 105.83it/s] 15%|█▌        | 153/1000 [00:01<00:07, 118.29it/s] 17%|█▋        | 169/1000 [00:01<00:06, 128.64it/s] 18%|█▊        | 184/1000 [00:01<00:07, 106.61it/s] 20%|██        | 201/1000 [00:01<00:06, 121.08it/s] 22%|██▏       | 218/1000 [00:02<00:05, 132.24it/s] 24%|██▎       | 235/1000 [00:02<00:05, 140.66it/s] 25%|██▌       | 252/1000 [00:02<00:05, 148.35it/s] 27%|██▋       | 270/1000 [00:02<00:04, 154.87it/s] 29%|██▊       | 287/1000 [00:02<00:04, 158.13it/s] 30%|███       | 304/1000 [00:02<00:04, 160.43it/s] 32%|███▏      | 321/1000 [00:02<00:04, 161.96it/s] 34%|███▍      | 338/1000 [00:02<00:04, 161.51it/s] 36%|███▌      | 355/1000 [00:02<00:03, 162.65it/s] 37%|███▋      | 372/1000 [00:02<00:03, 162.89it/s] 39%|███▉      | 389/1000 [00:03<00:03, 163.40it/s] 41%|████      | 406/1000 [00:03<00:03, 163.54it/s] 42%|████▏     | 424/1000 [00:03<00:03, 165.81it/s] 44%|████▍     | 441/1000 [00:03<00:03, 166.91it/s] 46%|████▌     | 458/1000 [00:03<00:04, 124.00it/s] 48%|████▊     | 475/1000 [00:03<00:03, 133.96it/s] 49%|████▉     | 493/1000 [00:03<00:03, 143.51it/s] 51%|█████     | 511/1000 [00:03<00:03, 150.91it/s] 53%|█████▎    | 528/1000 [00:03<00:03, 155.25it/s] 55%|█████▍    | 545/1000 [00:04<00:02, 157.17it/s] 56%|█████▌    | 562/1000 [00:04<00:02, 158.74it/s] 58%|█████▊    | 579/1000 [00:04<00:02, 159.97it/s] 60%|█████▉    | 596/1000 [00:04<00:03, 125.51it/s] 61%|██████▏   | 613/1000 [00:04<00:02, 134.86it/s] 63%|██████▎   | 630/1000 [00:04<00:02, 141.98it/s] 65%|██████▍   | 647/1000 [00:04<00:02, 149.18it/s] 66%|██████▋   | 664/1000 [00:04<00:02, 154.40it/s] 68%|██████▊   | 680/1000 [00:05<00:02, 123.14it/s] 70%|██████▉   | 697/1000 [00:05<00:02, 134.06it/s] 71%|███████▏  | 714/1000 [00:05<00:02, 142.96it/s] 73%|███████▎  | 731/1000 [00:05<00:01, 149.51it/s] 75%|███████▍  | 748/1000 [00:05<00:01, 153.30it/s] 76%|███████▋  | 764/1000 [00:05<00:01, 122.00it/s] 78%|███████▊  | 781/1000 [00:05<00:01, 132.07it/s] 80%|███████▉  | 798/1000 [00:05<00:01, 140.41it/s] 81%|████████▏ | 813/1000 [00:06<00:01, 116.47it/s] 83%|████████▎ | 830/1000 [00:06<00:01, 128.14it/s] 85%|████████▍ | 847/1000 [00:06<00:01, 138.01it/s] 86%|████████▌ | 862/1000 [00:06<00:01, 114.52it/s] 88%|████████▊ | 878/1000 [00:06<00:00, 125.01it/s] 90%|████████▉ | 896/1000 [00:06<00:00, 136.87it/s] 91%|█████████▏| 914/1000 [00:06<00:00, 146.10it/s] 93%|█████████▎| 931/1000 [00:06<00:00, 151.57it/s] 95%|█████████▍| 948/1000 [00:07<00:00, 155.42it/s] 96%|█████████▋| 965/1000 [00:07<00:00, 158.16it/s] 98%|█████████▊| 982/1000 [00:07<00:00, 160.22it/s]100%|█████████▉| 999/1000 [00:07<00:00, 161.92it/s]100%|██████████| 1000/1000 [00:07<00:00, 136.22it/s]
  0%|          | 0/1000 [00:00<?, ?it/s]  2%|▏         | 17/1000 [00:00<00:05, 163.86it/s]  3%|▎         | 34/1000 [00:00<00:05, 165.03it/s]  5%|▌         | 52/1000 [00:00<00:05, 167.94it/s]  7%|▋         | 70/1000 [00:00<00:05, 169.49it/s]  9%|▊         | 87/1000 [00:00<00:05, 169.22it/s] 10%|█         | 104/1000 [00:00<00:05, 167.50it/s] 12%|█▏        | 121/1000 [00:00<00:05, 165.97it/s] 14%|█▍        | 138/1000 [00:00<00:07, 120.41it/s] 16%|█▌        | 155/1000 [00:01<00:06, 131.34it/s] 17%|█▋        | 172/1000 [00:01<00:05, 140.05it/s] 19%|█▉        | 189/1000 [00:01<00:05, 146.60it/s] 21%|██        | 207/1000 [00:01<00:05, 153.39it/s] 22%|██▏       | 224/1000 [00:01<00:04, 157.67it/s] 24%|██▍       | 241/1000 [00:01<00:04, 158.73it/s] 26%|██▌       | 258/1000 [00:01<00:04, 160.50it/s] 28%|██▊       | 275/1000 [00:01<00:05, 125.46it/s] 29%|██▉       | 292/1000 [00:01<00:05, 135.97it/s] 31%|███       | 309/1000 [00:02<00:04, 143.33it/s] 33%|███▎      | 326/1000 [00:02<00:04, 149.21it/s] 34%|███▍      | 343/1000 [00:02<00:04, 153.97it/s] 36%|███▌      | 359/1000 [00:02<00:05, 124.74it/s] 38%|███▊      | 376/1000 [00:02<00:04, 135.01it/s] 39%|███▉      | 393/1000 [00:02<00:04, 143.24it/s] 41%|████      | 410/1000 [00:02<00:03, 149.75it/s] 43%|████▎     | 427/1000 [00:02<00:03, 155.20it/s] 44%|████▍     | 444/1000 [00:03<00:04, 124.64it/s] 46%|████▌     | 461/1000 [00:03<00:03, 134.91it/s] 48%|████▊     | 478/1000 [00:03<00:03, 143.71it/s] 49%|████▉     | 494/1000 [00:03<00:04, 120.25it/s] 51%|█████     | 511/1000 [00:03<00:03, 130.64it/s] 53%|█████▎    | 528/1000 [00:03<00:03, 138.97it/s] 54%|█████▍    | 543/1000 [00:03<00:03, 117.59it/s] 56%|█████▌    | 560/1000 [00:03<00:03, 129.37it/s] 58%|█████▊    | 577/1000 [00:04<00:03, 138.99it/s] 59%|█████▉    | 594/1000 [00:04<00:02, 146.54it/s] 61%|██████    | 612/1000 [00:04<00:02, 153.43it/s] 63%|██████▎   | 630/1000 [00:04<00:02, 158.47it/s] 65%|██████▍   | 647/1000 [00:04<00:02, 160.33it/s] 66%|██████▋   | 664/1000 [00:04<00:02, 161.98it/s] 68%|██████▊   | 682/1000 [00:04<00:01, 164.73it/s] 70%|███████   | 700/1000 [00:04<00:01, 166.84it/s] 72%|███████▏  | 718/1000 [00:04<00:01, 168.23it/s] 74%|███████▎  | 735/1000 [00:04<00:01, 167.48it/s] 75%|███████▌  | 752/1000 [00:05<00:01, 167.08it/s] 77%|███████▋  | 769/1000 [00:05<00:01, 166.95it/s] 79%|███████▊  | 786/1000 [00:05<00:01, 166.25it/s] 80%|████████  | 803/1000 [00:05<00:01, 166.68it/s] 82%|████████▏ | 820/1000 [00:05<00:01, 129.99it/s] 84%|████████▎ | 837/1000 [00:05<00:01, 139.24it/s] 86%|████████▌ | 855/1000 [00:05<00:00, 147.85it/s] 87%|████████▋ | 872/1000 [00:05<00:00, 153.12it/s] 89%|████████▉ | 889/1000 [00:06<00:00, 156.44it/s] 91%|█████████ | 906/1000 [00:06<00:00, 159.45it/s] 92%|█████████▏| 924/1000 [00:06<00:00, 163.03it/s] 94%|█████████▍| 942/1000 [00:06<00:00, 165.45it/s] 96%|█████████▌| 959/1000 [00:06<00:00, 130.28it/s] 98%|█████████▊| 976/1000 [00:06<00:00, 139.05it/s] 99%|█████████▉| 993/1000 [00:06<00:00, 145.87it/s]100%|██████████| 1000/1000 [00:06<00:00, 147.62it/s]
  0%|          | 0/1000 [00:00<?, ?it/s]  2%|▏         | 17/1000 [00:00<00:06, 163.80it/s]  3%|▎         | 34/1000 [00:00<00:05, 164.45it/s]  5%|▌         | 51/1000 [00:00<00:08, 108.27it/s]  7%|▋         | 68/1000 [00:00<00:07, 125.14it/s]  8%|▊         | 85/1000 [00:00<00:06, 136.91it/s] 10%|█         | 102/1000 [00:00<00:06, 145.21it/s] 12%|█▏        | 118/1000 [00:00<00:07, 117.42it/s] 14%|█▎        | 135/1000 [00:01<00:06, 129.38it/s] 15%|█▌        | 152/1000 [00:01<00:06, 139.30it/s] 17%|█▋        | 167/1000 [00:01<00:07, 115.41it/s] 18%|█▊        | 184/1000 [00:01<00:06, 126.87it/s] 20%|██        | 201/1000 [00:01<00:05, 136.43it/s] 22%|██▏       | 216/1000 [00:01<00:07, 110.82it/s] 23%|██▎       | 234/1000 [00:01<00:06, 125.87it/s] 25%|██▌       | 252/1000 [00:01<00:05, 138.49it/s] 27%|██▋       | 270/1000 [00:02<00:04, 148.61it/s] 29%|██▉       | 288/1000 [00:02<00:04, 156.56it/s] 31%|███       | 306/1000 [00:02<00:04, 162.62it/s] 32%|███▏      | 324/1000 [00:02<00:04, 167.25it/s] 34%|███▍      | 342/1000 [00:02<00:03, 170.84it/s] 36%|███▌      | 360/1000 [00:02<00:03, 173.49it/s] 38%|███▊      | 378/1000 [00:02<00:03, 171.69it/s] 40%|███▉      | 396/1000 [00:02<00:03, 168.44it/s] 41%|████▏     | 414/1000 [00:02<00:03, 170.24it/s] 43%|████▎     | 432/1000 [00:02<00:03, 172.04it/s] 45%|████▌     | 450/1000 [00:03<00:03, 173.45it/s] 47%|████▋     | 468/1000 [00:03<00:03, 174.02it/s] 49%|████▊     | 486/1000 [00:03<00:03, 133.97it/s] 50%|█████     | 504/1000 [00:03<00:03, 144.49it/s] 52%|█████▏    | 522/1000 [00:03<00:03, 152.20it/s] 54%|█████▍    | 540/1000 [00:03<00:02, 158.97it/s] 56%|█████▌    | 558/1000 [00:03<00:02, 164.22it/s] 58%|█████▊    | 576/1000 [00:03<00:02, 168.10it/s] 59%|█████▉    | 594/1000 [00:03<00:02, 171.23it/s] 61%|██████    | 612/1000 [00:04<00:02, 173.38it/s] 63%|██████▎   | 630/1000 [00:04<00:02, 130.98it/s] 65%|██████▍   | 648/1000 [00:04<00:02, 141.57it/s] 67%|██████▋   | 666/1000 [00:04<00:02, 150.10it/s] 68%|██████▊   | 684/1000 [00:04<00:02, 156.40it/s] 70%|███████   | 702/1000 [00:04<00:01, 161.24it/s] 72%|███████▏  | 719/1000 [00:04<00:02, 128.74it/s] 74%|███████▎  | 737/1000 [00:05<00:01, 139.94it/s] 76%|███████▌  | 755/1000 [00:05<00:01, 149.10it/s] 77%|███████▋  | 773/1000 [00:05<00:01, 156.23it/s] 79%|███████▉  | 790/1000 [00:05<00:01, 128.36it/s] 81%|████████  | 808/1000 [00:05<00:01, 139.99it/s] 83%|████████▎ | 826/1000 [00:05<00:01, 148.69it/s] 84%|████████▍ | 842/1000 [00:05<00:01, 123.93it/s] 86%|████████▌ | 860/1000 [00:05<00:01, 135.42it/s] 88%|████████▊ | 878/1000 [00:06<00:00, 144.60it/s] 89%|████████▉ | 894/1000 [00:06<00:00, 121.81it/s] 91%|█████████ | 912/1000 [00:06<00:00, 134.36it/s] 93%|█████████▎| 930/1000 [00:06<00:00, 145.11it/s] 95%|█████████▍| 948/1000 [00:06<00:00, 153.57it/s] 97%|█████████▋| 966/1000 [00:06<00:00, 160.26it/s] 98%|█████████▊| 984/1000 [00:06<00:00, 165.11it/s]100%|██████████| 1000/1000 [00:06<00:00, 147.13it/s]
  0%|          | 0/1000 [00:00<?, ?it/s]  2%|▏         | 18/1000 [00:00<00:05, 173.93it/s]  4%|▎         | 36/1000 [00:00<00:05, 174.71it/s]  5%|▌         | 54/1000 [00:00<00:05, 174.68it/s]  7%|▋         | 72/1000 [00:00<00:05, 174.63it/s]  9%|▉         | 90/1000 [00:00<00:05, 175.03it/s] 11%|█         | 108/1000 [00:00<00:05, 175.76it/s] 13%|█▎        | 126/1000 [00:00<00:04, 176.35it/s] 14%|█▍        | 144/1000 [00:00<00:04, 176.84it/s] 16%|█▌        | 162/1000 [00:00<00:04, 177.32it/s] 18%|█▊        | 180/1000 [00:01<00:06, 131.54it/s] 20%|█▉        | 198/1000 [00:01<00:05, 142.57it/s] 22%|██▏       | 216/1000 [00:01<00:05, 150.63it/s] 23%|██▎       | 234/1000 [00:01<00:04, 156.76it/s] 25%|██▌       | 252/1000 [00:01<00:04, 161.69it/s] 27%|██▋       | 270/1000 [00:01<00:04, 165.40it/s] 29%|██▉       | 288/1000 [00:01<00:04, 167.71it/s] 31%|███       | 306/1000 [00:01<00:05, 132.73it/s] 32%|███▏      | 324/1000 [00:02<00:04, 143.09it/s] 34%|███▍      | 342/1000 [00:02<00:04, 151.42it/s] 36%|███▌      | 360/1000 [00:02<00:04, 158.06it/s] 38%|███▊      | 378/1000 [00:02<00:03, 163.09it/s] 40%|███▉      | 395/1000 [00:02<00:04, 132.04it/s] 41%|████▏     | 413/1000 [00:02<00:04, 142.97it/s] 43%|████▎     | 431/1000 [00:02<00:03, 151.11it/s] 45%|████▍     | 449/1000 [00:02<00:03, 156.75it/s] 47%|████▋     | 466/1000 [00:03<00:04, 127.88it/s] 48%|████▊     | 484/1000 [00:03<00:03, 138.65it/s] 50%|█████     | 502/1000 [00:03<00:03, 147.09it/s] 52%|█████▏    | 520/1000 [00:03<00:03, 153.61it/s] 54%|█████▎    | 537/1000 [00:03<00:03, 126.57it/s] 55%|█████▌    | 554/1000 [00:03<00:03, 136.72it/s] 57%|█████▋    | 570/1000 [00:03<00:03, 115.42it/s] 59%|█████▉    | 588/1000 [00:03<00:03, 129.76it/s] 61%|██████    | 606/1000 [00:04<00:02, 141.71it/s] 62%|██████▏   | 624/1000 [00:04<00:02, 150.97it/s] 64%|██████▍   | 642/1000 [00:04<00:02, 157.57it/s] 66%|██████▌   | 660/1000 [00:04<00:02, 162.17it/s] 68%|██████▊   | 678/1000 [00:04<00:01, 166.16it/s] 70%|██████▉   | 696/1000 [00:04<00:01, 169.02it/s] 71%|███████▏  | 714/1000 [00:04<00:01, 170.81it/s] 73%|███████▎  | 732/1000 [00:04<00:01, 172.06it/s] 75%|███████▌  | 750/1000 [00:04<00:01, 172.99it/s] 77%|███████▋  | 768/1000 [00:04<00:01, 174.33it/s] 79%|███████▊  | 786/1000 [00:05<00:01, 175.14it/s] 80%|████████  | 804/1000 [00:05<00:01, 175.99it/s] 82%|████████▏ | 822/1000 [00:05<00:01, 176.70it/s] 84%|████████▍ | 84