[I 2024-03-12 19:47:49,399] Trial 19 finished with value: {'cscore': 0.977} and parameters: {'N_epochs': 5000, 'n_clusters': 15, 'weight_loss': 1, 'weight_coords': 0.25}. Best is trial 19 with value: 0.977.
Trial: 20
- N Epochs: 1000
- N Clusters: 5
- Weight (loss): 1
- Weight (coords): 0.25
[I 2024-03-12 19:54:50,708] Trial 20 finished with value: {'cscore': 0.912} and parameters: {'N_epochs': 1000, 'n_clusters': 5, 'weight_loss': 1, 'weight_coords': 0.25}. Best is trial 19 with value: 0.977.
Trial: 21
- N Epochs: 5000
- N Clusters: 15
- Weight (loss): 1
- Weight (coords): 0.25
[I 2024-03-12 20:24:10,750] Trial 21 finished with value: {'cscore': 0.982} and parameters: {'N_epochs': 5000, 'n_clusters': 15, 'weight_loss': 1, 'weight_coords': 0.25}. Best is trial 21 with value: 0.982.
Trial: 22
- N Epochs: 5000
- N Clusters: 15
- Weight (loss): 1
- Weight (coords): 0.25
[I 2024-03-12 20:53:31,179] Trial 22 finished with value: {'cscore': 0.985} and parameters: {'N_epochs': 5000, 'n_clusters': 15, 'weight_loss': 1, 'weight_coords': 0.25}. Best is trial 22 with value: 0.985.
Trial: 23
- N Epochs: 5000
- N Clusters: 15
- Weight (loss): 1
- Weight (coords): 0.25
[I 2024-03-12 21:22:41,678] Trial 23 finished with value: {'cscore': 0.965} and parameters: {'N_epochs': 5000, 'n_clusters': 15, 'weight_loss': 1, 'weight_coords': 0.25}. Best is trial 22 with value: 0.985.
Trial: 24
- N Epochs: 5000
- N Clusters: 15
- Weight (loss): 1
- Weight (coords): 0.25
[I 2024-03-12 21:51:51,642] Trial 24 finished with value: {'cscore': 0.974} and parameters: {'N_epochs': 5000, 'n_clusters': 15, 'weight_loss': 1, 'weight_coords': 0.25}. Best is trial 22 with value: 0.985.
Trial: 25
- N Epochs: 5000
- N Clusters: 15
- Weight (loss): 1
- Weight (coords): 0.25
[I 2024-03-12 22:20:32,634] Trial 25 finished with value: {'cscore': 0.971} and parameters: {'N_epochs': 5000, 'n_clusters': 15, 'weight_loss': 1, 'weight_coords': 0.25}. Best is trial 22 with value: 0.985.
Trial: 26
- N Epochs: 5000
- N Clusters: 15
- Weight (loss): 1
- Weight (coords): 0.25
[I 2024-03-12 22:49:36,070] Trial 26 finished with value: {'cscore': 0.978} and parameters: {'N_epochs': 5000, 'n_clusters': 15, 'weight_loss': 1, 'weight_coords': 0.25}. Best is trial 22 with value: 0.985.
Trial: 27
- N Epochs: 5000
- N Clusters: 15
- Weight (loss): 1
- Weight (coords): 0.25
[I 2024-03-12 23:18:17,420] Trial 27 finished with value: {'cscore': 0.969} and parameters: {'N_epochs': 5000, 'n_clusters': 15, 'weight_loss': 1, 'weight_coords': 0.25}. Best is trial 22 with value: 0.985.
Trial: 28
- N Epochs: 500
- N Clusters: 5
- Weight (loss): 1
- Weight (coords): 1
[I 2024-03-12 23:22:31,821] Trial 28 finished with value: {'cscore': 0.613} and parameters: {'N_epochs': 500, 'n_clusters': 5, 'weight_loss': 1, 'weight_coords': 1}. Best is trial 22 with value: 0.985.
Trial: 29
- N Epochs: 1000
- N Clusters: 20
- Weight (loss): 1
- Weight (coords): 0.25
[I 2024-03-12 23:29:34,183] Trial 29 finished with value: {'cscore': 0.863} and parameters: {'N_epochs': 1000, 'n_clusters': 20, 'weight_loss': 1, 'weight_coords': 0.25}. Best is trial 22 with value: 0.985.
Trial: 30
- N Epochs: 5000
- N Clusters: 20
- Weight (loss): 0.75
- Weight (coords): 0.25
[I 2024-03-12 23:58:56,238] Trial 30 finished with value: {'cscore': 0.967} and parameters: {'N_epochs': 5000, 'n_clusters': 20, 'weight_loss': 0.75, 'weight_coords': 0.25}. Best is trial 22 with value: 0.985.
Trial: 31
- N Epochs: 5000
- N Clusters: 15
- Weight (loss): 1
- Weight (coords): 0.25
[I 2024-03-13 00:27:41,911] Trial 31 finished with value: {'cscore': 0.96} and parameters: {'N_epochs': 5000, 'n_clusters': 15, 'weight_loss': 1, 'weight_coords': 0.25}. Best is trial 22 with value: 0.985.
Trial: 32
- N Epochs: 5000
- N Clusters: 15
- Weight (loss): 1
- Weight (coords): 0.25
[I 2024-03-13 00:56:55,837] Trial 32 finished with value: {'cscore': 0.984} and parameters: {'N_epochs': 5000, 'n_clusters': 15, 'weight_loss': 1, 'weight_coords': 0.25}. Best is trial 22 with value: 0.985.
Trial: 33
- N Epochs: 5000
- N Clusters: 15
- Weight (loss): 1
- Weight (coords): 0.25
[I 2024-03-13 01:25:20,613] Trial 33 finished with value: {'cscore': 0.98} and parameters: {'N_epochs': 5000, 'n_clusters': 15, 'weight_loss': 1, 'weight_coords': 0.25}. Best is trial 22 with value: 0.985.
Trial: 34
- N Epochs: 500
- N Clusters: 15
- Weight (loss): 1
- Weight (coords): 0.25
[I 2024-03-13 01:29:30,214] Trial 34 finished with value: {'cscore': 0.537} and parameters: {'N_epochs': 500, 'n_clusters': 15, 'weight_loss': 1, 'weight_coords': 0.25}. Best is trial 22 with value: 0.985.
Trial: 35
- N Epochs: 5000
- N Clusters: 15
- Weight (loss): 1
- Weight (coords): 1
[I 2024-03-13 01:58:14,862] Trial 35 finished with value: {'cscore': 0.893} and parameters: {'N_epochs': 5000, 'n_clusters': 15, 'weight_loss': 1, 'weight_coords': 1}. Best is trial 22 with value: 0.985.
Trial: 36
- N Epochs: 1000
- N Clusters: 5
- Weight (loss): 1
- Weight (coords): 0.25
[I 2024-03-13 02:05:11,747] Trial 36 finished with value: {'cscore': 0.898} and parameters: {'N_epochs': 1000, 'n_clusters': 5, 'weight_loss': 1, 'weight_coords': 0.25}. Best is trial 22 with value: 0.985.
Trial: 37
- N Epochs: 500
- N Clusters: 15
- Weight (loss): 0.75
- Weight (coords): 0.25
[I 2024-03-13 02:09:23,934] Trial 37 finished with value: {'cscore': 0.383} and parameters: {'N_epochs': 500, 'n_clusters': 15, 'weight_loss': 0.75, 'weight_coords': 0.25}. Best is trial 22 with value: 0.985.
Trial: 38
- N Epochs: 5000
- N Clusters: 15
- Weight (loss): 1
- Weight (coords): 0.25
[I 2024-03-13 02:37:56,829] Trial 38 finished with value: {'cscore': 0.976} and parameters: {'N_epochs': 5000, 'n_clusters': 15, 'weight_loss': 1, 'weight_coords': 0.25}. Best is trial 22 with value: 0.985.
Trial: 39
- N Epochs: 5000
- N Clusters: 20
- Weight (loss): 1
- Weight (coords): 1
[I 2024-03-13 03:07:02,943] Trial 39 finished with value: {'cscore': 0.88} and parameters: {'N_epochs': 5000, 'n_clusters': 20, 'weight_loss': 1, 'weight_coords': 1}. Best is trial 22 with value: 0.985.
Trial: 40
- N Epochs: 10000
- N Clusters: 15
- Weight (loss): 0.25
- Weight (coords): 0.25
[I 2024-03-13 04:03:13,706] Trial 40 finished with value: {'cscore': 0.841} and parameters: {'N_epochs': 10000, 'n_clusters': 15, 'weight_loss': 0.25, 'weight_coords': 0.25}. Best is trial 22 with value: 0.985.
Trial: 41
- N Epochs: 5000
- N Clusters: 15
- Weight (loss): 1
- Weight (coords): 0.25
[I 2024-03-13 04:32:23,303] Trial 41 finished with value: {'cscore': 0.964} and parameters: {'N_epochs': 5000, 'n_clusters': 15, 'weight_loss': 1, 'weight_coords': 0.25}. Best is trial 22 with value: 0.985.
Trial: 42
- N Epochs: 5000
- N Clusters: 15
- Weight (loss): 1
- Weight (coords): 0.25
[I 2024-03-13 05:00:53,195] Trial 42 finished with value: {'cscore': 0.97} and parameters: {'N_epochs': 5000, 'n_clusters': 15, 'weight_loss': 1, 'weight_coords': 0.25}. Best is trial 22 with value: 0.985.
Trial: 43
- N Epochs: 5000
- N Clusters: 15
- Weight (loss): 1
- Weight (coords): 0.25
[I 2024-03-13 05:29:58,989] Trial 43 finished with value: {'cscore': 0.979} and parameters: {'N_epochs': 5000, 'n_clusters': 15, 'weight_loss': 1, 'weight_coords': 0.25}. Best is trial 22 with value: 0.985.
Trial: 44
- N Epochs: 5000
- N Clusters: 10
- Weight (loss): 0.75
- Weight (coords): 0.25
[I 2024-03-13 05:59:01,444] Trial 44 finished with value: {'cscore': 0.984} and parameters: {'N_epochs': 5000, 'n_clusters': 10, 'weight_loss': 0.75, 'weight_coords': 0.25}. Best is trial 22 with value: 0.985.
Trial: 45
- N Epochs: 5000
- N Clusters: 10
- Weight (loss): 0.75
- Weight (coords): 0.5
[I 2024-03-13 06:27:22,685] Trial 45 finished with value: {'cscore': 0.86} and parameters: {'N_epochs': 5000, 'n_clusters': 10, 'weight_loss': 0.75, 'weight_coords': 0.5}. Best is trial 22 with value: 0.985.
Trial: 46
- N Epochs: 10000
- N Clusters: 10
- Weight (loss): 0.75
- Weight (coords): 0.25
[I 2024-03-13 07:22:33,341] Trial 46 finished with value: {'cscore': 0.828} and parameters: {'N_epochs': 10000, 'n_clusters': 10, 'weight_loss': 0.75, 'weight_coords': 0.25}. Best is trial 22 with value: 0.985.
Trial: 47
- N Epochs: 5000
- N Clusters: 10
- Weight (loss): 0.75
- Weight (coords): 0.75
[I 2024-03-13 07:51:21,197] Trial 47 finished with value: {'cscore': 0.831} and parameters: {'N_epochs': 5000, 'n_clusters': 10, 'weight_loss': 0.75, 'weight_coords': 0.75}. Best is trial 22 with value: 0.985.
Trial: 48
- N Epochs: 500
- N Clusters: 10
- Weight (loss): 0.25
- Weight (coords): 1
[I 2024-03-13 07:55:33,029] Trial 48 finished with value: {'cscore': 0.278} and parameters: {'N_epochs': 500, 'n_clusters': 10, 'weight_loss': 0.25, 'weight_coords': 1}. Best is trial 22 with value: 0.985.
Trial: 49
- N Epochs: 1000
- N Clusters: 10
- Weight (loss): 0.75
- Weight (coords): 0.5
[I 2024-03-13 08:02:21,984] Trial 49 finished with value: {'cscore': 0.9} and parameters: {'N_epochs': 1000, 'n_clusters': 10, 'weight_loss': 0.75, 'weight_coords': 0.5}. Best is trial 22 with value: 0.985.
____ END OF STUDY ___


Using cuda
log dir: /home/vitorro/Repositories/sensors2024/outputs/
------
[I 2024-03-13 14:51:15,284] A new study created in memory with name: maximize_cluster_score: 20parts_10.0level_1anomaly
Trial: 0
- N Epochs: 500
- N Clusters: 5
- Weight (loss): 0.5
- Weight (coords): 0.25
[I 2024-03-13 14:56:04,331] Trial 0 finished with value: {'cscore': 0.925} and parameters: {'N_epochs': 500, 'n_clusters': 5, 'weight_loss': 0.5, 'weight_coords': 0.25}. Best is trial 0 with value: 0.925.
Trial: 1
- N Epochs: 10000
- N Clusters: 5
- Weight (loss): 1
- Weight (coords): 0.75
[I 2024-03-13 16:07:14,539] Trial 1 finished with value: {'cscore': 0.984} and parameters: {'N_epochs': 10000, 'n_clusters': 5, 'weight_loss': 1, 'weight_coords': 0.75}. Best is trial 1 with value: 0.984.
Trial: 2
- N Epochs: 5000
- N Clusters: 5
- Weight (loss): 0.75
- Weight (coords): 0.5
[I 2024-03-13 16:44:25,720] Trial 2 finished with value: {'cscore': 0.995} and parameters: {'N_epochs': 5000, 'n_clusters': 5, 'weight_loss': 0.75, 'weight_coords': 0.5}. Best is trial 2 with value: 0.995.
Trial: 3
- N Epochs: 500
- N Clusters: 5
- Weight (loss): 0.5
- Weight (coords): 1
[I 2024-03-13 16:49:33,928] Trial 3 finished with value: {'cscore': 0.925} and parameters: {'N_epochs': 500, 'n_clusters': 5, 'weight_loss': 0.5, 'weight_coords': 1}. Best is trial 2 with value: 0.995.
Trial: 4
- N Epochs: 10000
- N Clusters: 20
- Weight (loss): 0.25
- Weight (coords): 0.25
[I 2024-03-13 18:02:28,302] Trial 4 finished with value: {'cscore': 0.251} and parameters: {'N_epochs': 10000, 'n_clusters': 20, 'weight_loss': 0.25, 'weight_coords': 0.25}. Best is trial 2 with value: 0.995.
Trial: 5
- N Epochs: 10000
- N Clusters: 15
- Weight (loss): 0.5
- Weight (coords): 0.25
[I 2024-03-13 19:05:54,415] Trial 5 finished with value: {'cscore': 0.823} and parameters: {'N_epochs': 10000, 'n_clusters': 15, 'weight_loss': 0.5, 'weight_coords': 0.25}. Best is trial 2 with value: 0.995.
Trial: 6
- N Epochs: 5000
- N Clusters: 10
- Weight (loss): 0.25
- Weight (coords): 0.75
[I 2024-03-13 19:33:10,672] Trial 6 finished with value: {'cscore': 0.565} and parameters: {'N_epochs': 5000, 'n_clusters': 10, 'weight_loss': 0.25, 'weight_coords': 0.75}. Best is trial 2 with value: 0.995.
Trial: 7
- N Epochs: 1000
- N Clusters: 5
- Weight (loss): 0.5
- Weight (coords): 0.5
[I 2024-03-13 19:40:19,394] Trial 7 finished with value: {'cscore': 0.998} and parameters: {'N_epochs': 1000, 'n_clusters': 5, 'weight_loss': 0.5, 'weight_coords': 0.5}. Best is trial 7 with value: 0.998.
Trial: 8
- N Epochs: 500
- N Clusters: 20
- Weight (loss): 0.75
- Weight (coords): 0.75
[I 2024-03-13 19:44:46,933] Trial 8 finished with value: {'cscore': 0.825} and parameters: {'N_epochs': 500, 'n_clusters': 20, 'weight_loss': 0.75, 'weight_coords': 0.75}. Best is trial 7 with value: 0.998.
Trial: 9
- N Epochs: 1000
- N Clusters: 5
- Weight (loss): 0.25
- Weight (coords): 0.25
[I 2024-03-13 19:51:59,009] Trial 9 finished with value: {'cscore': 0.774} and parameters: {'N_epochs': 1000, 'n_clusters': 5, 'weight_loss': 0.25, 'weight_coords': 0.25}. Best is trial 7 with value: 0.998.
Trial: 10
- N Epochs: 1000
- N Clusters: 15
- Weight (loss): 1
- Weight (coords): 0.5
[I 2024-03-13 19:58:47,108] Trial 10 finished with value: {'cscore': 0.977} and parameters: {'N_epochs': 1000, 'n_clusters': 15, 'weight_loss': 1, 'weight_coords': 0.5}. Best is trial 7 with value: 0.998.
Trial: 11
- N Epochs: 5000
- N Clusters: 5
- Weight (loss): 0.75
- Weight (coords): 0.5
[I 2024-03-13 20:28:57,834] Trial 11 finished with value: {'cscore': 0.996} and parameters: {'N_epochs': 5000, 'n_clusters': 5, 'weight_loss': 0.75, 'weight_coords': 0.5}. Best is trial 7 with value: 0.998.
Trial: 12
- N Epochs: 5000
- N Clusters: 10
- Weight (loss): 0.75
- Weight (coords): 0.5
[I 2024-03-13 20:59:24,817] Trial 12 finished with value: {'cscore': 0.985} and parameters: {'N_epochs': 5000, 'n_clusters': 10, 'weight_loss': 0.75, 'weight_coords': 0.5}. Best is trial 7 with value: 0.998.
Trial: 13
- N Epochs: 1000
- N Clusters: 5
- Weight (loss): 0.75
- Weight (coords): 0.5
[I 2024-03-13 21:07:11,608] Trial 13 finished with value: {'cscore': 0.999} and parameters: {'N_epochs': 1000, 'n_clusters': 5, 'weight_loss': 0.75, 'weight_coords': 0.5}. Best is trial 13 with value: 0.999.
Trial: 14
- N Epochs: 1000
- N Clusters: 5
- Weight (loss): 0.5
- Weight (coords): 0.5
[I 2024-03-13 21:15:14,125] Trial 14 finished with value: {'cscore': 0.999} and parameters: {'N_epochs': 1000, 'n_clusters': 5, 'weight_loss': 0.5, 'weight_coords': 0.5}. Best is trial 13 with value: 0.999.
Trial: 15
- N Epochs: 1000
- N Clusters: 5
- Weight (loss): 0.5
- Weight (coords): 1
[I 2024-03-13 21:23:27,384] Trial 15 finished with value: {'cscore': 0.999} and parameters: {'N_epochs': 1000, 'n_clusters': 5, 'weight_loss': 0.5, 'weight_coords': 1}. Best is trial 13 with value: 0.999.
Trial: 16
- N Epochs: 1000
- N Clusters: 15
- Weight (loss): 0.75
- Weight (coords): 0.5
[I 2024-03-13 21:31:29,329] Trial 16 finished with value: {'cscore': 0.951} and parameters: {'N_epochs': 1000, 'n_clusters': 15, 'weight_loss': 0.75, 'weight_coords': 0.5}. Best is trial 13 with value: 0.999.
Trial: 17
- N Epochs: 1000
- N Clusters: 20
- Weight (loss): 1
- Weight (coords): 0.5
[I 2024-03-13 21:39:46,196] Trial 17 finished with value: {'cscore': 0.977} and parameters: {'N_epochs': 1000, 'n_clusters': 20, 'weight_loss': 1, 'weight_coords': 0.5}. Best is trial 13 with value: 0.999.
Trial: 18
- N Epochs: 1000
- N Clusters: 10
- Weight (loss): 0.75
- Weight (coords): 0.5
[I 2024-03-13 21:47:55,596] Trial 18 finished with value: {'cscore': 0.994} and parameters: {'N_epochs': 1000, 'n_clusters': 10, 'weight_loss': 0.75, 'weight_coords': 0.5}. Best is trial 13 with value: 0.999.
Trial: 19
- N Epochs: 1000
- N Clusters: 5
- Weight (loss): 0.5
- Weight (coords): 1
[I 2024-03-13 21:56:03,830] Trial 19 finished with value: {'cscore': 0.999} and parameters: {'N_epochs': 1000, 'n_clusters': 5, 'weight_loss': 0.5, 'weight_coords': 1}. Best is trial 13 with value: 0.999.
Trial: 20
- N Epochs: 1000
- N Clusters: 5
- Weight (loss): 0.75
- Weight (coords): 0.5
[I 2024-03-13 22:04:26,348] Trial 20 finished with value: {'cscore': 0.998} and parameters: {'N_epochs': 1000, 'n_clusters': 5, 'weight_loss': 0.75, 'weight_coords': 0.5}. Best is trial 13 with value: 0.999.
Trial: 21
- N Epochs: 1000
- N Clusters: 5
- Weight (loss): 0.5
- Weight (coords): 1
[I 2024-03-13 22:12:52,412] Trial 21 finished with value: {'cscore': 0.999} and parameters: {'N_epochs': 1000, 'n_clusters': 5, 'weight_loss': 0.5, 'weight_coords': 1}. Best is trial 13 with value: 0.999.
Trial: 22
- N Epochs: 1000
- N Clusters: 5
- Weight (loss): 0.5
- Weight (coords): 1
[I 2024-03-13 22:21:00,776] Trial 22 finished with value: {'cscore': 0.999} and parameters: {'N_epochs': 1000, 'n_clusters': 5, 'weight_loss': 0.5, 'weight_coords': 1}. Best is trial 13 with value: 0.999.
Trial: 23
- N Epochs: 1000
- N Clusters: 5
- Weight (loss): 0.5
- Weight (coords): 1
[I 2024-03-13 22:28:20,400] Trial 23 finished with value: {'cscore': 0.999} and parameters: {'N_epochs': 1000, 'n_clusters': 5, 'weight_loss': 0.5, 'weight_coords': 1}. Best is trial 13 with value: 0.999.
Trial: 24
- N Epochs: 1000
- N Clusters: 5
- Weight (loss): 0.5
- Weight (coords): 1
[I 2024-03-13 22:35:29,094] Trial 24 finished with value: {'cscore': 0.99} and parameters: {'N_epochs': 1000, 'n_clusters': 5, 'weight_loss': 0.5, 'weight_coords': 1}. Best is trial 13 with value: 0.999.
Trial: 25
- N Epochs: 1000
- N Clusters: 5
- Weight (loss): 0.5
- Weight (coords): 0.5
[I 2024-03-13 22:43:51,410] Trial 25 finished with value: {'cscore': 0.981} and parameters: {'N_epochs': 1000, 'n_clusters': 5, 'weight_loss': 0.5, 'weight_coords': 0.5}. Best is trial 13 with value: 0.999.
Trial: 26
- N Epochs: 1000
- N Clusters: 15
- Weight (loss): 1
- Weight (coords): 1
[I 2024-03-13 22:52:13,979] Trial 26 finished with value: {'cscore': 0.992} and parameters: {'N_epochs': 1000, 'n_clusters': 15, 'weight_loss': 1, 'weight_coords': 1}. Best is trial 13 with value: 0.999.
Trial: 27
- N Epochs: 500
- N Clusters: 10
- Weight (loss): 0.25
- Weight (coords): 0.75
[I 2024-03-13 22:57:10,471] Trial 27 finished with value: {'cscore': 0.425} and parameters: {'N_epochs': 500, 'n_clusters': 10, 'weight_loss': 0.25, 'weight_coords': 0.75}. Best is trial 13 with value: 0.999.
Trial: 28
- N Epochs: 10000
- N Clusters: 20
- Weight (loss): 0.5
- Weight (coords): 0.5
[I 2024-03-14 00:06:28,181] Trial 28 finished with value: {'cscore': 0.822} and parameters: {'N_epochs': 10000, 'n_clusters': 20, 'weight_loss': 0.5, 'weight_coords': 0.5}. Best is trial 13 with value: 0.999.
Trial: 29
- N Epochs: 500
- N Clusters: 5
- Weight (loss): 0.5
- Weight (coords): 0.25
[I 2024-03-14 00:11:20,527] Trial 29 finished with value: {'cscore': 0.928} and parameters: {'N_epochs': 500, 'n_clusters': 5, 'weight_loss': 0.5, 'weight_coords': 0.25}. Best is trial 13 with value: 0.999.
Trial: 30
- N Epochs: 1000
- N Clusters: 5
- Weight (loss): 0.75
- Weight (coords): 1
[I 2024-03-14 00:19:46,623] Trial 30 finished with value: {'cscore': 0.999} and parameters: {'N_epochs': 1000, 'n_clusters': 5, 'weight_loss': 0.75, 'weight_coords': 1}. Best is trial 13 with value: 0.999.
Trial: 31
- N Epochs: 1000
- N Clusters: 5
- Weight (loss): 0.5
- Weight (coords): 1
[I 2024-03-14 00:28:02,411] Trial 31 finished with value: {'cscore': 0.999} and parameters: {'N_epochs': 1000, 'n_clusters': 5, 'weight_loss': 0.5, 'weight_coords': 1}. Best is trial 13 with value: 0.999.
Trial: 32
- N Epochs: 1000
- N Clusters: 5
- Weight (loss): 0.5
- Weight (coords): 1
[I 2024-03-14 00:36:14,813] Trial 32 finished with value: {'cscore': 0.99} and parameters: {'N_epochs': 1000, 'n_clusters': 5, 'weight_loss': 0.5, 'weight_coords': 1}. Best is trial 13 with value: 0.999.
Trial: 33
- N Epochs: 1000
- N Clusters: 5
- Weight (loss): 0.5
- Weight (coords): 1
[I 2024-03-14 00:44:33,717] Trial 33 finished with value: {'cscore': 0.99} and parameters: {'N_epochs': 1000, 'n_clusters': 5, 'weight_loss': 0.5, 'weight_coords': 1}. Best is trial 13 with value: 0.999.
Trial: 34
- N Epochs: 1000
- N Clusters: 5
- Weight (loss): 0.5
- Weight (coords): 1
[I 2024-03-14 00:52:45,019] Trial 34 finished with value: {'cscore': 0.998} and parameters: {'N_epochs': 1000, 'n_clusters': 5, 'weight_loss': 0.5, 'weight_coords': 1}. Best is trial 13 with value: 0.999.
Trial: 35
- N Epochs: 10000
- N Clusters: 5
- Weight (loss): 0.5
- Weight (coords): 0.75
[I 2024-03-14 01:59:57,518] Trial 35 finished with value: {'cscore': 0.997} and parameters: {'N_epochs': 10000, 'n_clusters': 5, 'weight_loss': 0.5, 'weight_coords': 0.75}. Best is trial 13 with value: 0.999.
Trial: 36
- N Epochs: 1000
- N Clusters: 5
- Weight (loss): 1
- Weight (coords): 0.5
[I 2024-03-14 02:08:04,062] Trial 36 finished with value: {'cscore': 0.995} and parameters: {'N_epochs': 1000, 'n_clusters': 5, 'weight_loss': 1, 'weight_coords': 0.5}. Best is trial 13 with value: 0.999.
Trial: 37
- N Epochs: 5000
- N Clusters: 5
- Weight (loss): 0.5
- Weight (coords): 1
[I 2024-03-14 02:44:04,546] Trial 37 finished with value: {'cscore': 0.998} and parameters: {'N_epochs': 5000, 'n_clusters': 5, 'weight_loss': 0.5, 'weight_coords': 1}. Best is trial 13 with value: 0.999.
Trial: 38
- N Epochs: 10000
- N Clusters: 20
- Weight (loss): 0.25
- Weight (coords): 0.25
[I 2024-03-14 03:54:00,593] Trial 38 finished with value: {'cscore': 0.233} and parameters: {'N_epochs': 10000, 'n_clusters': 20, 'weight_loss': 0.25, 'weight_coords': 0.25}. Best is trial 13 with value: 0.999.
Trial: 39
- N Epochs: 500
- N Clusters: 5
- Weight (loss): 0.75
- Weight (coords): 0.5
[I 2024-03-14 03:58:56,565] Trial 39 finished with value: {'cscore': 0.992} and parameters: {'N_epochs': 500, 'n_clusters': 5, 'weight_loss': 0.75, 'weight_coords': 0.5}. Best is trial 13 with value: 0.999.
Trial: 40
- N Epochs: 1000
- N Clusters: 15
- Weight (loss): 0.5
- Weight (coords): 0.75
[I 2024-03-14 04:07:11,841] Trial 40 finished with value: {'cscore': 0.818} and parameters: {'N_epochs': 1000, 'n_clusters': 15, 'weight_loss': 0.5, 'weight_coords': 0.75}. Best is trial 13 with value: 0.999.
Trial: 41
- N Epochs: 1000
- N Clusters: 5
- Weight (loss): 0.5
- Weight (coords): 1
[I 2024-03-14 04:15:39,419] Trial 41 finished with value: {'cscore': 0.999} and parameters: {'N_epochs': 1000, 'n_clusters': 5, 'weight_loss': 0.5, 'weight_coords': 1}. Best is trial 13 with value: 0.999.
Trial: 42
- N Epochs: 1000
- N Clusters: 5
- Weight (loss): 0.5
- Weight (coords): 1
[I 2024-03-14 04:23:50,007] Trial 42 finished with value: {'cscore': 0.981} and parameters: {'N_epochs': 1000, 'n_clusters': 5, 'weight_loss': 0.5, 'weight_coords': 1}. Best is trial 13 with value: 0.999.
Trial: 43
- N Epochs: 1000
- N Clusters: 5
- Weight (loss): 0.5
- Weight (coords): 1
