[I 2024-03-14 04:32:08,099] Trial 43 finished with value: {'cscore': 0.999} and parameters: {'N_epochs': 1000, 'n_clusters': 5, 'weight_loss': 0.5, 'weight_coords': 1}. Best is trial 13 with value: 0.999.
Trial: 44
- N Epochs: 1000
- N Clusters: 5
- Weight (loss): 0.5
- Weight (coords): 1
[I 2024-03-14 04:40:08,800] Trial 44 finished with value: {'cscore': 0.99} and parameters: {'N_epochs': 1000, 'n_clusters': 5, 'weight_loss': 0.5, 'weight_coords': 1}. Best is trial 13 with value: 0.999.
Trial: 45
- N Epochs: 5000
- N Clusters: 10
- Weight (loss): 0.25
- Weight (coords): 0.25
[I 2024-03-14 05:14:40,887] Trial 45 finished with value: {'cscore': 0.574} and parameters: {'N_epochs': 5000, 'n_clusters': 10, 'weight_loss': 0.25, 'weight_coords': 0.25}. Best is trial 13 with value: 0.999.
Trial: 46
- N Epochs: 1000
- N Clusters: 5
- Weight (loss): 0.75
- Weight (coords): 1
[I 2024-03-14 05:22:46,529] Trial 46 finished with value: {'cscore': 0.998} and parameters: {'N_epochs': 1000, 'n_clusters': 5, 'weight_loss': 0.75, 'weight_coords': 1}. Best is trial 13 with value: 0.999.
Trial: 47
- N Epochs: 1000
- N Clusters: 5
- Weight (loss): 0.5
- Weight (coords): 0.5
[I 2024-03-14 05:30:42,190] Trial 47 finished with value: {'cscore': 0.999} and parameters: {'N_epochs': 1000, 'n_clusters': 5, 'weight_loss': 0.5, 'weight_coords': 0.5}. Best is trial 13 with value: 0.999.
Trial: 48
- N Epochs: 10000
- N Clusters: 20
- Weight (loss): 1
- Weight (coords): 0.5
[I 2024-03-14 06:36:53,742] Trial 48 finished with value: {'cscore': 0.991} and parameters: {'N_epochs': 10000, 'n_clusters': 20, 'weight_loss': 1, 'weight_coords': 0.5}. Best is trial 13 with value: 0.999.
Trial: 49
- N Epochs: 500
- N Clusters: 15
- Weight (loss): 0.75
- Weight (coords): 1
