[I 2024-03-21 13:27:34,137] Trial 0 finished with value: {'auc': 0.729} and parameters: {'N_epochs': 1000, 'n_layers': 2, 'reduction': 0.5, 'batch_size': 2048, 'lr': 0.01}. Best is trial 0 with value: 0.729.
Trial: 1
- N Epochs: 1000
- N Layers: 2
- Reduction: 0.5
- Batch size: 2048
- Learing rate: 0.0001
- Training loss: MSELoss()
  0%|          | 0/1000 [00:00<?, ?it/s]  2%|▏         | 17/1000 [00:00<00:05, 169.44it/s]  4%|▎         | 35/1000 [00:00<00:05, 170.70it/s]  5%|▌         | 53/1000 [00:00<00:05, 171.89it/s]  7%|▋         | 71/1000 [00:00<00:07, 125.57it/s]  9%|▉         | 89/1000 [00:00<00:06, 139.01it/s] 10%|█         | 105/1000 [00:00<00:07, 116.41it/s] 12%|█▏        | 123/1000 [00:00<00:06, 131.46it/s] 14%|█▍        | 141/1000 [00:01<00:05, 143.54it/s] 16%|█▌        | 159/1000 [00:01<00:05, 152.78it/s] 18%|█▊        | 177/1000 [00:01<00:05, 159.89it/s] 20%|█▉        | 195/1000 [00:01<00:04, 165.45it/s] 21%|██▏       | 213/1000 [00:01<00:04, 169.05it/s] 23%|██▎       | 231/1000 [00:01<00:04, 170.84it/s] 25%|██▍       | 249/1000 [00:01<00:04, 168.10it/s] 27%|██▋       | 267/1000 [00:01<00:04, 170.01it/s] 28%|██▊       | 285/1000 [00:01<00:04, 171.69it/s] 30%|███       | 303/1000 [00:01<00:04, 172.56it/s] 32%|███▏      | 321/1000 [00:02<00:03, 172.89it/s] 34%|███▍      | 339/1000 [00:02<00:03, 173.29it/s] 36%|███▌      | 357/1000 [00:02<00:03, 174.17it/s] 38%|███▊      | 375/1000 [00:02<00:03, 175.00it/s] 39%|███▉      | 393/1000 [00:02<00:04, 136.26it/s] 41%|████      | 411/1000 [00:02<00:04, 146.51it/s] 43%|████▎     | 429/1000 [00:02<00:03, 154.76it/s] 45%|████▍     | 447/1000 [00:02<00:03, 161.07it/s] 46%|████▋     | 465/1000 [00:02<00:03, 165.16it/s] 48%|████▊     | 483/1000 [00:03<00:03, 167.85it/s] 50%|█████     | 501/1000 [00:03<00:02, 169.65it/s] 52%|█████▏    | 519/1000 [00:03<00:03, 134.22it/s] 54%|█████▎    | 537/1000 [00:03<00:03, 143.79it/s] 56%|█████▌    | 555/1000 [00:03<00:02, 151.52it/s] 57%|█████▋    | 573/1000 [00:03<00:02, 157.78it/s] 59%|█████▉    | 591/1000 [00:03<00:02, 161.58it/s] 61%|██████    | 609/1000 [00:03<00:03, 127.91it/s] 63%|██████▎   | 627/1000 [00:04<00:02, 139.17it/s] 64%|██████▍   | 645/1000 [00:04<00:02, 148.77it/s] 66%|██████▋   | 663/1000 [00:04<00:02, 156.24it/s] 68%|██████▊   | 680/1000 [00:04<00:02, 128.88it/s] 70%|██████▉   | 698/1000 [00:04<00:02, 139.43it/s] 72%|███████▏  | 716/1000 [00:04<00:01, 148.10it/s] 73%|███████▎  | 734/1000 [00:04<00:01, 154.61it/s] 75%|███████▌  | 751/1000 [00:04<00:01, 126.77it/s] 77%|███████▋  | 769/1000 [00:05<00:01, 137.71it/s] 78%|███████▊  | 784/1000 [00:05<00:01, 118.17it/s] 80%|████████  | 802/1000 [00:05<00:01, 131.93it/s] 82%|████████▏ | 820/1000 [00:05<00:01, 143.35it/s] 84%|████████▍ | 838/1000 [00:05<00:01, 152.64it/s] 86%|████████▌ | 856/1000 [00:05<00:00, 159.96it/s] 87%|████████▋ | 874/1000 [00:05<00:00, 165.22it/s] 89%|████████▉ | 892/1000 [00:05<00:00, 168.50it/s] 91%|█████████ | 910/1000 [00:05<00:00, 170.52it/s] 93%|█████████▎| 928/1000 [00:06<00:00, 171.92it/s] 95%|█████████▍| 946/1000 [00:06<00:00, 173.16it/s] 96%|█████████▋| 964/1000 [00:06<00:00, 173.73it/s] 98%|█████████▊| 982/1000 [00:06<00:00, 174.06it/s]100%|██████████| 1000/1000 [00:06<00:00, 174.38it/s]100%|██████████| 1000/1000 [00:06<00:00, 154.16it/s]
  0%|          | 0/1000 [00:00<?, ?it/s]  2%|▏         | 18/1000 [00:00<00:05, 178.99it/s]  4%|▎         | 36/1000 [00:00<00:05, 178.98it/s]  5%|▌         | 54/1000 [00:00<00:05, 178.17it/s]  7%|▋         | 72/1000 [00:00<00:07, 127.96it/s]  9%|▉         | 90/1000 [00:00<00:06, 141.76it/s] 11%|█         | 108/1000 [00:00<00:05, 151.34it/s] 13%|█▎        | 126/1000 [00:00<00:05, 157.94it/s] 14%|█▍        | 144/1000 [00:00<00:05, 162.63it/s] 16%|█▌        | 162/1000 [00:01<00:05, 166.28it/s] 18%|█▊        | 180/1000 [00:01<00:04, 169.32it/s] 20%|█▉        | 198/1000 [00:01<00:05, 134.64it/s] 22%|██▏       | 216/1000 [00:01<00:05, 145.08it/s] 23%|██▎       | 234/1000 [00:01<00:04, 153.45it/s] 25%|██▌       | 252/1000 [00:01<00:04, 160.05it/s] 27%|██▋       | 270/1000 [00:01<00:04, 164.47it/s] 29%|██▉       | 288/1000 [00:01<00:05, 133.51it/s] 31%|███       | 306/1000 [00:02<00:04, 143.02it/s] 32%|███▏      | 324/1000 [00:02<00:04, 150.91it/s] 34%|███▍      | 342/1000 [00:02<00:04, 156.48it/s] 36%|███▌      | 359/1000 [00:02<00:05, 127.97it/s] 38%|███▊      | 377/1000 [00:02<00:04, 139.12it/s] 40%|███▉      | 395/1000 [00:02<00:04, 148.10it/s] 41%|████▏     | 413/1000 [00:02<00:03, 155.19it/s] 43%|████▎     | 430/1000 [00:02<00:04, 128.53it/s] 45%|████▍     | 448/1000 [00:03<00:03, 139.97it/s] 46%|████▋     | 464/1000 [00:03<00:04, 120.50it/s] 48%|████▊     | 482/1000 [00:03<00:03, 133.40it/s] 50%|█████     | 500/1000 [00:03<00:03, 143.62it/s] 52%|█████▏    | 518/1000 [00:03<00:03, 151.87it/s] 54%|█████▎    | 536/1000 [00:03<00:02, 158.28it/s] 55%|█████▌    | 554/1000 [00:03<00:02, 162.94it/s] 57%|█████▋    | 572/1000 [00:03<00:02, 166.40it/s] 59%|█████▉    | 590/1000 [00:03<00:02, 168.92it/s] 61%|██████    | 608/1000 [00:04<00:02, 170.18it/s] 63%|██████▎   | 626/1000 [00:04<00:02, 172.17it/s] 64%|██████▍   | 644/1000 [00:04<00:02, 173.81it/s] 66%|██████▌   | 662/1000 [00:04<00:01, 175.02it/s] 68%|██████▊   | 680/1000 [00:04<00:01, 175.94it/s] 70%|██████▉   | 698/1000 [00:04<00:01, 177.03it/s] 72%|███████▏  | 716/1000 [00:04<00:01, 177.71it/s] 73%|███████▎  | 734/1000 [00:04<00:01, 177.46it/s] 75%|███████▌  | 752/1000 [00:04<00:01, 133.11it/s] 77%|███████▋  | 770/1000 [00:05<00:01, 143.40it/s] 79%|███████▉  | 788/1000 [00:05<00:01, 151.37it/s] 81%|████████  | 806/1000 [00:05<00:01, 157.39it/s] 82%|████████▏ | 824/1000 [00:05<00:01, 161.98it/s] 84%|████████▍ | 842/1000 [00:05<00:00, 165.96it/s] 86%|████████▌ | 860/1000 [00:05<00:00, 168.90it/s] 88%|████████▊ | 878/1000 [00:05<00:00, 135.15it/s] 90%|████████▉ | 896/1000 [00:05<00:00, 145.41it/s] 91%|█████████▏| 914/1000 [00:05<00:00, 153.68it/s] 93%|█████████▎| 932/1000 [00:06<00:00, 160.07it/s] 95%|█████████▌| 950/1000 [00:06<00:00, 164.37it/s] 97%|█████████▋| 967/1000 [00:06<00:00, 131.65it/s] 98%|█████████▊| 985/1000 [00:06<00:00, 142.02it/s]100%|██████████| 1000/1000 [00:06<00:00, 152.49it/s]
  0%|          | 0/1000 [00:00<?, ?it/s]  2%|▏         | 18/1000 [00:00<00:05, 175.21it/s]  4%|▎         | 36/1000 [00:00<00:05, 175.28it/s]  5%|▌         | 54/1000 [00:00<00:07, 123.97it/s]  7%|▋         | 72/1000 [00:00<00:06, 140.40it/s]  9%|▉         | 90/1000 [00:00<00:06, 150.88it/s] 11%|█         | 107/1000 [00:00<00:07, 123.63it/s] 12%|█▎        | 125/1000 [00:00<00:06, 136.33it/s] 14%|█▍        | 142/1000 [00:01<00:07, 117.40it/s] 16%|█▌        | 160/1000 [00:01<00:06, 130.98it/s] 18%|█▊        | 178/1000 [00:01<00:05, 142.42it/s] 20%|█▉        | 196/1000 [00:01<00:05, 151.64it/s] 21%|██▏       | 214/1000 [00:01<00:04, 158.76it/s] 23%|██▎       | 232/1000 [00:01<00:04, 164.10it/s] 25%|██▌       | 250/1000 [00:01<00:04, 168.00it/s] 27%|██▋       | 268/1000 [00:01<00:04, 171.10it/s] 29%|██▊       | 286/1000 [00:01<00:04, 173.57it/s] 30%|███       | 304/1000 [00:02<00:03, 175.23it/s] 32%|███▏      | 322/1000 [00:02<00:03, 175.59it/s] 34%|███▍      | 340/1000 [00:02<00:03, 175.29it/s] 36%|███▌      | 358/1000 [00:02<00:03, 175.07it/s] 38%|███▊      | 376/1000 [00:02<00:03, 175.18it/s] 39%|███▉      | 394/1000 [00:02<00:03, 175.09it/s] 41%|████      | 412/1000 [00:02<00:03, 175.00it/s] 43%|████▎     | 430/1000 [00:02<00:04, 136.66it/s] 45%|████▍     | 448/1000 [00:02<00:03, 146.47it/s] 47%|████▋     | 466/1000 [00:03<00:03, 154.20it/s] 48%|████▊     | 484/1000 [00:03<00:03, 160.28it/s] 50%|█████     | 502/1000 [00:03<00:03, 164.76it/s] 52%|█████▏    | 520/1000 [00:03<00:02, 168.35it/s] 54%|█████▍    | 538/1000 [00:03<00:02, 171.10it/s] 56%|█████▌    | 556/1000 [00:03<00:03, 135.75it/s] 57%|█████▋    | 574/1000 [00:03<00:02, 145.03it/s] 59%|█████▉    | 592/1000 [00:03<00:02, 152.68it/s] 61%|██████    | 610/1000 [00:03<00:02, 158.60it/s] 63%|██████▎   | 628/1000 [00:04<00:02, 162.79it/s] 65%|██████▍   | 646/1000 [00:04<00:02, 131.18it/s] 66%|██████▋   | 664/1000 [00:04<00:02, 141.70it/s] 68%|██████▊   | 682/1000 [00:04<00:02, 150.32it/s] 70%|███████   | 700/1000 [00:04<00:01, 157.15it/s] 72%|███████▏  | 717/1000 [00:04<00:02, 129.80it/s] 74%|███████▎  | 735/1000 [00:04<00:01, 141.19it/s] 75%|███████▌  | 753/1000 [00:04<00:01, 150.23it/s] 77%|███████▋  | 771/1000 [00:05<00:01, 156.62it/s] 79%|███████▉  | 788/1000 [00:05<00:01, 128.96it/s] 81%|████████  | 806/1000 [00:05<00:01, 139.69it/s] 82%|████████▏ | 822/1000 [00:05<00:01, 119.86it/s] 84%|████████▍ | 840/1000 [00:05<00:01, 132.79it/s] 86%|████████▌ | 858/1000 [00:05<00:00, 143.51it/s] 88%|████████▊ | 876/1000 [00:05<00:00, 152.37it/s] 89%|████████▉ | 894/1000 [00:05<00:00, 159.22it/s] 91%|█████████ | 912/1000 [00:06<00:00, 164.41it/s] 93%|█████████▎| 930/1000 [00:06<00:00, 168.39it/s] 95%|█████████▍| 948/1000 [00:06<00:00, 171.37it/s] 97%|█████████▋| 966/1000 [00:06<00:00, 173.80it/s] 98%|█████████▊| 984/1000 [00:06<00:00, 175.27it/s]100%|██████████| 1000/1000 [00:06<00:00, 153.33it/s]
  0%|          | 0/1000 [00:00<?, ?it/s]  2%|▏         | 18/1000 [00:00<00:05, 175.12it/s]  4%|▎         | 36/1000 [00:00<00:05, 176.29it/s]  5%|▌         | 54/1000 [00:00<00:05, 176.97it/s]  7%|▋         | 72/1000 [00:00<00:05, 177.38it/s]  9%|▉         | 90/1000 [00:00<00:05, 177.75it/s] 11%|█         | 108/1000 [00:00<00:06, 134.17it/s] 13%|█▎        | 126/1000 [00:00<00:05, 145.93it/s] 14%|█▍        | 144/1000 [00:00<00:05, 154.31it/s] 16%|█▌        | 162/1000 [00:01<00:05, 160.12it/s] 18%|█▊        | 180/1000 [00:01<00:04, 164.31it/s] 20%|█▉        | 198/1000 [00:01<00:04, 167.48it/s] 22%|██▏       | 216/1000 [00:01<00:04, 169.27it/s] 23%|██▎       | 234/1000 [00:01<00:05, 133.99it/s] 25%|██▌       | 252/1000 [00:01<00:05, 144.07it/s] 27%|██▋       | 270/1000 [00:01<00:04, 152.29it/s] 29%|██▉       | 288/1000 [00:01<00:04, 158.61it/s] 31%|███       | 306/1000 [00:01<00:04, 163.55it/s] 32%|███▏      | 324/1000 [00:02<00:04, 167.25it/s] 34%|███▍      | 342/1000 [00:02<00:04, 134.23it/s] 36%|███▌      | 360/1000 [00:02<00:04, 144.59it/s] 38%|███▊      | 378/1000 [00:02<00:04, 152.32it/s] 40%|███▉      | 395/1000 [00:02<00:04, 125.27it/s] 41%|████▏     | 413/1000 [00:02<00:04, 136.48it/s] 43%|████▎     | 430/1000 [00:02<00:03, 144.44it/s] 45%|████▍     | 448/1000 [00:02<00:03, 151.75it/s] 46%|████▋     | 464/1000 [00:03<00:04, 121.56it/s] 48%|████▊     | 482/1000 [00:03<00:03, 133.99it/s] 50%|█████     | 500/1000 [00:03<00:04, 118.10it/s] 52%|█████▏    | 518/1000 [00:03<00:03, 131.63it/s] 54%|█████▎    | 536/1000 [00:03<00:03, 143.13it/s] 55%|█████▌    | 554/1000 [00:03<00:02, 152.33it/s] 57%|█████▋    | 572/1000 [00:03<00:02, 159.13it/s] 59%|█████▉    | 590/1000 [00:03<00:02, 164.51it/s] 61%|██████    | 608/1000 [00:04<00:02, 168.50it/s] 63%|██████▎   | 626/1000 [00:04<00:02, 171.44it/s] 64%|██████▍   | 644/1000 [00:04<00:02, 173.52it/s] 66%|██████▌   | 662/1000 [00:04<00:01, 175.12it/s] 68%|██████▊   | 680/1000 [00:04<00:01, 176.27it/s] 70%|██████▉   | 698/1000 [00:04<00:01, 177.09it/s] 72%|███████▏  | 716/1000 [00:04<00:01, 177.68it/s] 73%|███████▎  | 734/1000 [00:04<00:01, 178.05it/s] 75%|███████▌  | 752/1000 [00:04<00:01, 178.48it/s] 77%|███████▋  | 770/1000 [00:04<00:01, 178.78it/s] 79%|███████▉  | 788/1000 [00:05<00:01, 139.52it/s] 81%|████████  | 806/1000 [00:05<00:01, 149.33it/s] 82%|████████▏ | 824/1000 [00:05<00:01, 157.08it/s] 84%|████████▍ | 842/1000 [00:05<00:00, 163.15it/s] 86%|████████▌ | 860/1000 [00:05<00:00, 167.78it/s] 88%|████████▊ | 878/1000 [00:05<00:00, 170.95it/s] 90%|████████▉ | 896/1000 [00:05<00:00, 173.16it/s] 91%|█████████▏| 914/1000 [00:05<00:00, 137.53it/s] 93%|█████████▎| 932/1000 [00:06<00:00, 147.62it/s] 95%|█████████▌| 950/1000 [00:06<00:00, 155.65it/s] 97%|█████████▋| 968/1000 [00:06<00:00, 161.78it/s] 99%|█████████▊| 986/1000 [00:06<00:00, 166.41it/s]100%|██████████| 1000/1000 [00:06<00:00, 155.73it/s]
  0%|          | 0/1000 [00:00<?, ?it/s]  0%|          | 4/1000 [00:00<00:29, 33.43it/s]  2%|▏         | 22/1000 [00:00<00:08, 112.16it/s]  4%|▍         | 40/1000 [00:00<00:06, 140.82it/s]  6%|▌         | 58/1000 [00:00<00:06, 155.00it/s]  7%|▋         | 74/1000 [00:00<00:07, 122.13it/s]  9%|▉         | 92/1000 [00:00<00:06, 137.52it/s] 11%|█         | 110/1000 [00:00<00:05, 148.91it/s] 13%|█▎        | 128/1000 [00:00<00:05, 157.09it/s] 14%|█▍        | 145/1000 [00:01<00:06, 128.46it/s] 16%|█▋        | 163/1000 [00:01<00:05, 140.47it/s] 18%|█▊        | 179/1000 [00:01<00:06, 120.34it/s] 20%|█▉        | 197/1000 [00:01<00:05, 134.17it/s] 22%|██▏       | 216/1000 [00:01<00:05, 146.24it/s] 24%|██▎       | 235/1000 [00:01<00:04, 155.65it/s] 25%|██▌       | 254/1000 [00:01<00:04, 162.55it/s] 27%|██▋       | 272/1000 [00:01<00:04, 167.24it/s] 29%|██▉       | 290/1000 [00:01<00:04, 170.77it/s] 31%|███       | 308/1000 [00:02<00:03, 173.35it/s] 33%|███▎      | 326/1000 [00:02<00:03, 175.28it/s] 34%|███▍      | 344/1000 [00:02<00:03, 176.61it/s] 36%|███▌      | 362/1000 [00:02<00:03, 177.51it/s] 38%|███▊      | 380/1000 [00:02<00:03, 178.21it/s] 40%|███▉      | 398/1000 [00:02<00:03, 178.70it/s] 42%|████▏     | 416/1000 [00:02<00:03, 179.04it/s] 44%|████▎     | 435/1000 [00:02<00:03, 179.42it/s] 45%|████▌     | 453/1000 [00:02<00:03, 140.57it/s] 47%|████▋     | 471/1000 [00:03<00:03, 150.11it/s] 49%|████▉     | 489/1000 [00:03<00:03, 157.67it/s] 51%|█████     | 507/1000 [00:03<00:03, 163.50it/s] 52%|█████▎    | 525/1000 [00:03<00:02, 168.02it/s] 54%|█████▍    | 543/1000 [00:03<00:02, 171.24it/s] 56%|█████▌    | 561/1000 [00:03<00:02, 173.39it/s] 58%|█████▊    | 579/1000 [00:03<00:02, 174.96it/s] 60%|█████▉    | 597/1000 [00:03<00:02, 139.02it/s] 62%|██████▏   | 615/1000 [00:03<00:02, 148.73it/s] 63%|██████▎   | 633/1000 [00:04<00:02, 156.46it/s] 65%|██████▌   | 651/1000 [00:04<00:02, 162.40it/s] 67%|██████▋   | 669/1000 [00:04<00:01, 166.93it/s] 69%|██████▊   | 687/1000 [00:04<00:02, 135.26it/s] 70%|███████   | 705/1000 [00:04<00:02, 145.58it/s] 72%|███████▏  | 723/1000 [00:04<00:01, 153.89it/s] 74%|███████▍  | 741/1000 [00:04<00:01, 160.21it/s] 76%|███████▌  | 758/1000 [00:04<00:01, 131.40it/s] 78%|███████▊  | 776/1000 [00:05<00:01, 142.53it/s] 79%|███████▉  | 794/1000 [00:05<00:01, 151.35it/s] 81%|████████  | 811/1000 [00:05<00:01, 126.49it/s] 83%|████████▎ | 829/1000 [00:05<00:01, 138.32it/s] 85%|████████▍ | 847/1000 [00:05<00:01, 147.98it/s] 86%|████████▋ | 863/1000 [00:05<00:01, 124.36it/s] 88%|████████▊ | 881/1000 [00:05<00:00, 137.39it/s] 90%|████████▉ | 899/1000 [00:05<00:00, 148.09it/s] 92%|█████████▏| 917/1000 [00:06<00:00, 156.51it/s] 94%|█████████▎| 935/1000 [00:06<00:00, 162.88it/s] 95%|█████████▌| 953/1000 [00:06<00:00, 167.64it/s] 97%|█████████▋| 971/1000 [00:06<00:00, 171.16it/s] 99%|█████████▉| 990/1000 [00:06<00:00, 173.90it/s]100%|██████████| 1000/1000 [00:06<00:00, 153.37it/s]
[I 2024-03-21 13:28:09,077] Trial 1 finished with value: {'auc': 0.917} and parameters: {'N_epochs': 1000, 'n_layers': 2, 'reduction': 0.5, 'batch_size': 2048, 'lr': 0.0001}. Best is trial 1 with value: 0.917.
____ END OF STUDY ___


Using cuda
log dir: /home/vitorro/Repositories/sensors2024/outputs/autoencoder_optuna/
------
[I 2024-03-21 13:35:01,972] A new study created in memory with name: maximize_autoencoder_auc: 20parts_10level_1anomaly
Trial: 0
- N Epochs: 1000
- N Layers: 5
- Reduction: 0.5
- Batch size: 2048
- Learing rate: 0.0001
- Training loss: MSELoss()
[I 2024-03-21 13:35:43,460] Trial 0 finished with value: {'auc': 0.83} and parameters: {'N_epochs': 1000, 'n_layers': 5, 'reduction': 0.5, 'batch_size': 2048, 'lr': 0.0001}. Best is trial 0 with value: 0.83.
Trial: 1
- N Epochs: 500
- N Layers: 2
- Reduction: 0.5
- Batch size: 2048
- Learing rate: 0.0001
- Training loss: MSELoss()
[I 2024-03-21 13:36:01,882] Trial 1 finished with value: {'auc': 0.875} and parameters: {'N_epochs': 500, 'n_layers': 2, 'reduction': 0.5, 'batch_size': 2048, 'lr': 0.0001}. Best is trial 1 with value: 0.875.
____ END OF STUDY ___


Using cuda
log dir: /home/vitorro/Repositories/sensors2024/outputs/autoencoder_optuna/
------
[I 2024-03-21 14:00:47,013] A new study created in memory with name: maximize_autoencoder_auc: 20parts_10level_1anomaly
Trial: 0
- N Epochs: 10000
- N Layers: 2
- Reduction: 0.75
- Batch size: 2048
- Learing rate: 0.01
- Training loss: MSELoss()
