[I 2024-03-09 06:51:13,783] Trial 49 finished with value: {'cscore': 0.59} and parameters: {'N_epochs': 1000, 'n_clusters': 10, 'weight_loss': 0.25, 'weight_coords': 0.25}. Best is trial 30 with value: 0.998.
____ END OF STUDY ___


Using cuda
log dir: /home/vitorro/Repositories/sensors2024/outputs/
------
[I 2024-03-09 09:30:01,707] A new study created in memory with name: maximize_cluster_score: 20parts_10level_1anomaly
[W 2024-03-09 09:30:01,856] Trial 50 failed with parameters: {} because of the following error: ValueError('CategoricalDistribution does not support dynamic value space.').
Traceback (most recent call last):
  File "/home/vitorro/miniconda3/envs/sensors/lib/python3.10/site-packages/optuna/study/_optimize.py", line 200, in _run_trial
    value_or_values = func(trial)
  File "/home/vitorro/Repositories/sensors2024/./dev/test_cluster.py", line 135, in objective
    N_epochs = trial.suggest_categorical('N_epochs', args.N_epochs)
  File "/home/vitorro/miniconda3/envs/sensors/lib/python3.10/site-packages/optuna/trial/_trial.py", line 410, in suggest_categorical
    return self._suggest(name, CategoricalDistribution(choices=choices))
  File "/home/vitorro/miniconda3/envs/sensors/lib/python3.10/site-packages/optuna/trial/_trial.py", line 641, in _suggest
    storage.set_trial_param(trial_id, name, param_value_in_internal_repr, distribution)
  File "/home/vitorro/miniconda3/envs/sensors/lib/python3.10/site-packages/optuna/storages/_in_memory.py", line 187, in set_trial_param
    distributions.check_distribution_compatibility(
  File "/home/vitorro/miniconda3/envs/sensors/lib/python3.10/site-packages/optuna/distributions.py", line 670, in check_distribution_compatibility
    raise ValueError(
ValueError: CategoricalDistribution does not support dynamic value space.
[W 2024-03-09 09:30:01,857] Trial 50 failed with value None.
Traceback (most recent call last):
  File "/home/vitorro/Repositories/sensors2024/./dev/test_cluster.py", line 213, in <module>
    main(args)
  File "/home/vitorro/Repositories/sensors2024/./dev/test_cluster.py", line 184, in main
    study.optimize(objective, n_trials=args.n_trials, gc_after_trial=True)
  File "/home/vitorro/miniconda3/envs/sensors/lib/python3.10/site-packages/optuna/study/study.py", line 451, in optimize
    _optimize(
  File "/home/vitorro/miniconda3/envs/sensors/lib/python3.10/site-packages/optuna/study/_optimize.py", line 66, in _optimize
    _optimize_sequential(
  File "/home/vitorro/miniconda3/envs/sensors/lib/python3.10/site-packages/optuna/study/_optimize.py", line 163, in _optimize_sequential
    frozen_trial = _run_trial(study, func, catch)
  File "/home/vitorro/miniconda3/envs/sensors/lib/python3.10/site-packages/optuna/study/_optimize.py", line 251, in _run_trial
    raise func_err
  File "/home/vitorro/miniconda3/envs/sensors/lib/python3.10/site-packages/optuna/study/_optimize.py", line 200, in _run_trial
    value_or_values = func(trial)
  File "/home/vitorro/Repositories/sensors2024/./dev/test_cluster.py", line 135, in objective
    N_epochs = trial.suggest_categorical('N_epochs', args.N_epochs)
  File "/home/vitorro/miniconda3/envs/sensors/lib/python3.10/site-packages/optuna/trial/_trial.py", line 410, in suggest_categorical
    return self._suggest(name, CategoricalDistribution(choices=choices))
  File "/home/vitorro/miniconda3/envs/sensors/lib/python3.10/site-packages/optuna/trial/_trial.py", line 641, in _suggest
    storage.set_trial_param(trial_id, name, param_value_in_internal_repr, distribution)
  File "/home/vitorro/miniconda3/envs/sensors/lib/python3.10/site-packages/optuna/storages/_in_memory.py", line 187, in set_trial_param
    distributions.check_distribution_compatibility(
  File "/home/vitorro/miniconda3/envs/sensors/lib/python3.10/site-packages/optuna/distributions.py", line 670, in check_distribution_compatibility
    raise ValueError(
ValueError: CategoricalDistribution does not support dynamic value space.
Using cuda
log dir: /home/vitorro/Repositories/sensors2024/outputs/
------
[W 2024-03-09 09:31:16,460] Trial 50 failed with parameters: {} because of the following error: ValueError('CategoricalDistribution does not support dynamic value space.').
Traceback (most recent call last):
  File "/home/vitorro/miniconda3/envs/sensors/lib/python3.10/site-packages/optuna/study/_optimize.py", line 200, in _run_trial
    value_or_values = func(trial)
  File "/home/vitorro/Repositories/sensors2024/./dev/test_cluster.py", line 135, in objective
    N_epochs = trial.suggest_categorical('N_epochs', args.N_epochs)
  File "/home/vitorro/miniconda3/envs/sensors/lib/python3.10/site-packages/optuna/trial/_trial.py", line 410, in suggest_categorical
    return self._suggest(name, CategoricalDistribution(choices=choices))
  File "/home/vitorro/miniconda3/envs/sensors/lib/python3.10/site-packages/optuna/trial/_trial.py", line 641, in _suggest
    storage.set_trial_param(trial_id, name, param_value_in_internal_repr, distribution)
  File "/home/vitorro/miniconda3/envs/sensors/lib/python3.10/site-packages/optuna/storages/_in_memory.py", line 187, in set_trial_param
    distributions.check_distribution_compatibility(
  File "/home/vitorro/miniconda3/envs/sensors/lib/python3.10/site-packages/optuna/distributions.py", line 670, in check_distribution_compatibility
    raise ValueError(
ValueError: CategoricalDistribution does not support dynamic value space.
[W 2024-03-09 09:31:16,461] Trial 50 failed with value None.
Traceback (most recent call last):
  File "/home/vitorro/Repositories/sensors2024/./dev/test_cluster.py", line 213, in <module>
    main(args)
  File "/home/vitorro/Repositories/sensors2024/./dev/test_cluster.py", line 184, in main
    study.optimize(objective, n_trials=args.n_trials, gc_after_trial=True)
  File "/home/vitorro/miniconda3/envs/sensors/lib/python3.10/site-packages/optuna/study/study.py", line 451, in optimize
    _optimize(
  File "/home/vitorro/miniconda3/envs/sensors/lib/python3.10/site-packages/optuna/study/_optimize.py", line 66, in _optimize
    _optimize_sequential(
  File "/home/vitorro/miniconda3/envs/sensors/lib/python3.10/site-packages/optuna/study/_optimize.py", line 163, in _optimize_sequential
    frozen_trial = _run_trial(study, func, catch)
  File "/home/vitorro/miniconda3/envs/sensors/lib/python3.10/site-packages/optuna/study/_optimize.py", line 251, in _run_trial
    raise func_err
  File "/home/vitorro/miniconda3/envs/sensors/lib/python3.10/site-packages/optuna/study/_optimize.py", line 200, in _run_trial
    value_or_values = func(trial)
  File "/home/vitorro/Repositories/sensors2024/./dev/test_cluster.py", line 135, in objective
    N_epochs = trial.suggest_categorical('N_epochs', args.N_epochs)
  File "/home/vitorro/miniconda3/envs/sensors/lib/python3.10/site-packages/optuna/trial/_trial.py", line 410, in suggest_categorical
    return self._suggest(name, CategoricalDistribution(choices=choices))
  File "/home/vitorro/miniconda3/envs/sensors/lib/python3.10/site-packages/optuna/trial/_trial.py", line 641, in _suggest
    storage.set_trial_param(trial_id, name, param_value_in_internal_repr, distribution)
  File "/home/vitorro/miniconda3/envs/sensors/lib/python3.10/site-packages/optuna/storages/_in_memory.py", line 187, in set_trial_param
    distributions.check_distribution_compatibility(
  File "/home/vitorro/miniconda3/envs/sensors/lib/python3.10/site-packages/optuna/distributions.py", line 670, in check_distribution_compatibility
    raise ValueError(
ValueError: CategoricalDistribution does not support dynamic value space.
Using cuda
log dir: /home/vitorro/Repositories/sensors2024/outputs/
------
[I 2024-03-09 09:40:50,084] A new study created in memory with name: maximize_cluster_score: 20parts_10level_1anomaly
Trial: 0
- N Epochs: 10000
- N Clusters: 15
- Weight (loss): 0.5
- Weight (coords): 0.75
[I 2024-03-09 10:55:45,187] Trial 0 finished with value: {'cscore': 0.952} and parameters: {'N_epochs': 10000, 'n_clusters': 15, 'weight_loss': 0.5, 'weight_coords': 0.75}. Best is trial 0 with value: 0.952.
Trial: 1
- N Epochs: 500
- N Clusters: 15
- Weight (loss): 0.75
- Weight (coords): 0.25
[I 2024-03-09 11:00:44,118] Trial 1 finished with value: {'cscore': 0.883} and parameters: {'N_epochs': 500, 'n_clusters': 15, 'weight_loss': 0.75, 'weight_coords': 0.25}. Best is trial 0 with value: 0.952.
Trial: 2
- N Epochs: 5000
- N Clusters: 5
- Weight (loss): 1
- Weight (coords): 1
[I 2024-03-09 11:37:50,237] Trial 2 finished with value: {'cscore': 0.413} and parameters: {'N_epochs': 5000, 'n_clusters': 5, 'weight_loss': 1, 'weight_coords': 1}. Best is trial 0 with value: 0.952.
Trial: 3
- N Epochs: 500
- N Clusters: 20
- Weight (loss): 0.5
- Weight (coords): 0.25
[I 2024-03-09 11:42:53,318] Trial 3 finished with value: {'cscore': 0.6} and parameters: {'N_epochs': 500, 'n_clusters': 20, 'weight_loss': 0.5, 'weight_coords': 0.25}. Best is trial 0 with value: 0.952.
Trial: 4
- N Epochs: 500
- N Clusters: 10
- Weight (loss): 0.5
- Weight (coords): 1
[I 2024-03-09 11:47:47,733] Trial 4 finished with value: {'cscore': 0.861} and parameters: {'N_epochs': 500, 'n_clusters': 10, 'weight_loss': 0.5, 'weight_coords': 1}. Best is trial 0 with value: 0.952.
Trial: 5
- N Epochs: 10000
- N Clusters: 5
- Weight (loss): 1
- Weight (coords): 0.75
[I 2024-03-09 13:00:27,479] Trial 5 finished with value: {'cscore': 0.408} and parameters: {'N_epochs': 10000, 'n_clusters': 5, 'weight_loss': 1, 'weight_coords': 0.75}. Best is trial 0 with value: 0.952.
Trial: 6
- N Epochs: 10000
- N Clusters: 10
- Weight (loss): 0.25
- Weight (coords): 0.5
[I 2024-03-09 14:14:17,408] Trial 6 finished with value: {'cscore': 0.913} and parameters: {'N_epochs': 10000, 'n_clusters': 10, 'weight_loss': 0.25, 'weight_coords': 0.5}. Best is trial 0 with value: 0.952.
Trial: 7
- N Epochs: 10000
- N Clusters: 10
- Weight (loss): 0.5
- Weight (coords): 0.75
[I 2024-03-09 15:29:39,683] Trial 7 finished with value: {'cscore': 0.91} and parameters: {'N_epochs': 10000, 'n_clusters': 10, 'weight_loss': 0.5, 'weight_coords': 0.75}. Best is trial 0 with value: 0.952.
Trial: 8
- N Epochs: 5000
- N Clusters: 10
- Weight (loss): 0.5
- Weight (coords): 0.5
[I 2024-03-09 16:07:00,400] Trial 8 finished with value: {'cscore': 0.973} and parameters: {'N_epochs': 5000, 'n_clusters': 10, 'weight_loss': 0.5, 'weight_coords': 0.5}. Best is trial 8 with value: 0.973.
Trial: 9
- N Epochs: 500
- N Clusters: 20
- Weight (loss): 0.5
- Weight (coords): 1
[I 2024-03-09 16:12:13,758] Trial 9 finished with value: {'cscore': 0.823} and parameters: {'N_epochs': 500, 'n_clusters': 20, 'weight_loss': 0.5, 'weight_coords': 1}. Best is trial 8 with value: 0.973.
Trial: 10
- N Epochs: 5000
- N Clusters: 10
- Weight (loss): 0.75
- Weight (coords): 0.5
[I 2024-03-09 16:50:29,516] Trial 10 finished with value: {'cscore': 0.862} and parameters: {'N_epochs': 5000, 'n_clusters': 10, 'weight_loss': 0.75, 'weight_coords': 0.5}. Best is trial 8 with value: 0.973.
Trial: 11
- N Epochs: 5000
- N Clusters: 15
- Weight (loss): 0.5
- Weight (coords): 0.75
[I 2024-03-09 17:28:15,285] Trial 11 finished with value: {'cscore': 0.945} and parameters: {'N_epochs': 5000, 'n_clusters': 15, 'weight_loss': 0.5, 'weight_coords': 0.75}. Best is trial 8 with value: 0.973.
Trial: 12
- N Epochs: 10000
- N Clusters: 15
- Weight (loss): 0.25
- Weight (coords): 0.5
[I 2024-03-09 18:41:58,131] Trial 12 finished with value: {'cscore': 0.876} and parameters: {'N_epochs': 10000, 'n_clusters': 15, 'weight_loss': 0.25, 'weight_coords': 0.5}. Best is trial 8 with value: 0.973.
Trial: 13
- N Epochs: 5000
- N Clusters: 15
- Weight (loss): 0.5
- Weight (coords): 0.75
[I 2024-03-09 19:19:31,426] Trial 13 finished with value: {'cscore': 0.959} and parameters: {'N_epochs': 5000, 'n_clusters': 15, 'weight_loss': 0.5, 'weight_coords': 0.75}. Best is trial 8 with value: 0.973.
Trial: 14
- N Epochs: 5000
- N Clusters: 10
- Weight (loss): 0.5
- Weight (coords): 0.5
[I 2024-03-09 19:57:03,047] Trial 14 finished with value: {'cscore': 0.976} and parameters: {'N_epochs': 5000, 'n_clusters': 10, 'weight_loss': 0.5, 'weight_coords': 0.5}. Best is trial 14 with value: 0.976.
Trial: 15
- N Epochs: 5000
- N Clusters: 10
- Weight (loss): 0.5
- Weight (coords): 0.5
[I 2024-03-09 20:34:34,355] Trial 15 finished with value: {'cscore': 0.986} and parameters: {'N_epochs': 5000, 'n_clusters': 10, 'weight_loss': 0.5, 'weight_coords': 0.5}. Best is trial 15 with value: 0.986.
Trial: 16
- N Epochs: 5000
- N Clusters: 10
- Weight (loss): 0.25
- Weight (coords): 0.5
[I 2024-03-09 21:12:01,577] Trial 16 finished with value: {'cscore': 0.903} and parameters: {'N_epochs': 5000, 'n_clusters': 10, 'weight_loss': 0.25, 'weight_coords': 0.5}. Best is trial 15 with value: 0.986.
Trial: 17
- N Epochs: 5000
- N Clusters: 10
- Weight (loss): 0.75
- Weight (coords): 0.5
[I 2024-03-09 21:50:13,578] Trial 17 finished with value: {'cscore': 0.859} and parameters: {'N_epochs': 5000, 'n_clusters': 10, 'weight_loss': 0.75, 'weight_coords': 0.5}. Best is trial 15 with value: 0.986.
Trial: 18
- N Epochs: 5000
- N Clusters: 10
- Weight (loss): 1
- Weight (coords): 0.5
[I 2024-03-09 22:28:33,368] Trial 18 finished with value: {'cscore': 0.73} and parameters: {'N_epochs': 5000, 'n_clusters': 10, 'weight_loss': 1, 'weight_coords': 0.5}. Best is trial 15 with value: 0.986.
Trial: 19
- N Epochs: 5000
- N Clusters: 20
- Weight (loss): 0.5
- Weight (coords): 0.5
[I 2024-03-09 23:06:46,053] Trial 19 finished with value: {'cscore': 0.94} and parameters: {'N_epochs': 5000, 'n_clusters': 20, 'weight_loss': 0.5, 'weight_coords': 0.5}. Best is trial 15 with value: 0.986.
____ END OF STUDY ___


Using cuda
log dir: /home/vitorro/Repositories/sensors2024/outputs/
------
[I 2024-03-10 11:34:28,274] A new study created in memory with name: maximize_cluster_score: 20parts_5.0level_1anomaly
Trial: 0
- N Epochs: 5000
- N Clusters: 10
- Weight (loss): 0.5
- Weight (coords): 0.25
[I 2024-03-10 12:11:59,156] Trial 0 finished with value: {'cscore': 0.991} and parameters: {'N_epochs': 5000, 'n_clusters': 10, 'weight_loss': 0.5, 'weight_coords': 0.25}. Best is trial 0 with value: 0.991.
Trial: 1
- N Epochs: 1000
- N Clusters: 5
- Weight (loss): 1
- Weight (coords): 0.5
[I 2024-03-10 12:20:29,172] Trial 1 finished with value: {'cscore': 0.521} and parameters: {'N_epochs': 1000, 'n_clusters': 5, 'weight_loss': 1, 'weight_coords': 0.5}. Best is trial 0 with value: 0.991.
Trial: 2
- N Epochs: 1000
- N Clusters: 20
- Weight (loss): 0.5
- Weight (coords): 1
[I 2024-03-10 12:29:06,067] Trial 2 finished with value: {'cscore': 0.726} and parameters: {'N_epochs': 1000, 'n_clusters': 20, 'weight_loss': 0.5, 'weight_coords': 1}. Best is trial 0 with value: 0.991.
Trial: 3
- N Epochs: 500
- N Clusters: 5
- Weight (loss): 1
- Weight (coords): 1
[I 2024-03-10 12:34:11,886] Trial 3 finished with value: {'cscore': 0.643} and parameters: {'N_epochs': 500, 'n_clusters': 5, 'weight_loss': 1, 'weight_coords': 1}. Best is trial 0 with value: 0.991.
Trial: 4
- N Epochs: 5000
- N Clusters: 20
- Weight (loss): 1
- Weight (coords): 0.75
[I 2024-03-10 13:12:10,067] Trial 4 finished with value: {'cscore': 0.897} and parameters: {'N_epochs': 5000, 'n_clusters': 20, 'weight_loss': 1, 'weight_coords': 0.75}. Best is trial 0 with value: 0.991.
Trial: 5
- N Epochs: 1000
- N Clusters: 10
- Weight (loss): 0.25
- Weight (coords): 0.75
[I 2024-03-10 13:20:53,660] Trial 5 finished with value: {'cscore': 0.489} and parameters: {'N_epochs': 1000, 'n_clusters': 10, 'weight_loss': 0.25, 'weight_coords': 0.75}. Best is trial 0 with value: 0.991.
Trial: 6
- N Epochs: 500
- N Clusters: 15
- Weight (loss): 0.5
- Weight (coords): 1
[I 2024-03-10 13:26:02,452] Trial 6 finished with value: {'cscore': 0.352} and parameters: {'N_epochs': 500, 'n_clusters': 15, 'weight_loss': 0.5, 'weight_coords': 1}. Best is trial 0 with value: 0.991.
____ END OF STUDY ___


Using cuda
log dir: /home/vitorro/Repositories/sensors2024/outputs/
------
[I 2024-03-12 09:36:55,740] A new study created in memory with name: maximize_cluster_score: 20parts_5.0level_1anomaly
Trial: 0
- N Epochs: 500
- N Clusters: 20
- Weight (loss): 0.75
- Weight (coords): 0.75
[I 2024-03-12 09:41:59,929] Trial 0 finished with value: {'cscore': 0.46} and parameters: {'N_epochs': 500, 'n_clusters': 20, 'weight_loss': 0.75, 'weight_coords': 0.75}. Best is trial 0 with value: 0.46.
Trial: 1
- N Epochs: 1000
- N Clusters: 5
- Weight (loss): 1
- Weight (coords): 0.25
[I 2024-03-12 09:50:04,106] Trial 1 finished with value: {'cscore': 0.882} and parameters: {'N_epochs': 1000, 'n_clusters': 5, 'weight_loss': 1, 'weight_coords': 0.25}. Best is trial 1 with value: 0.882.
Trial: 2
- N Epochs: 10000
- N Clusters: 15
- Weight (loss): 0.25
- Weight (coords): 1
[I 2024-03-12 10:52:24,017] Trial 2 finished with value: {'cscore': 0.788} and parameters: {'N_epochs': 10000, 'n_clusters': 15, 'weight_loss': 0.25, 'weight_coords': 1}. Best is trial 1 with value: 0.882.
Trial: 3
- N Epochs: 500
- N Clusters: 10
- Weight (loss): 0.75
- Weight (coords): 0.5
[I 2024-03-12 10:56:40,842] Trial 3 finished with value: {'cscore': 0.593} and parameters: {'N_epochs': 500, 'n_clusters': 10, 'weight_loss': 0.75, 'weight_coords': 0.5}. Best is trial 1 with value: 0.882.
Trial: 4
- N Epochs: 10000
- N Clusters: 10
- Weight (loss): 0.5
- Weight (coords): 0.5
[I 2024-03-12 11:53:35,226] Trial 4 finished with value: {'cscore': 0.945} and parameters: {'N_epochs': 10000, 'n_clusters': 10, 'weight_loss': 0.5, 'weight_coords': 0.5}. Best is trial 4 with value: 0.945.
Trial: 5
- N Epochs: 5000
- N Clusters: 15
- Weight (loss): 0.5
- Weight (coords): 0.75
[I 2024-03-12 12:22:47,044] Trial 5 finished with value: {'cscore': 0.924} and parameters: {'N_epochs': 5000, 'n_clusters': 15, 'weight_loss': 0.5, 'weight_coords': 0.75}. Best is trial 4 with value: 0.945.
Trial: 6
- N Epochs: 500
- N Clusters: 20
- Weight (loss): 0.75
- Weight (coords): 0.5
[I 2024-03-12 12:27:19,539] Trial 6 finished with value: {'cscore': 0.383} and parameters: {'N_epochs': 500, 'n_clusters': 20, 'weight_loss': 0.75, 'weight_coords': 0.5}. Best is trial 4 with value: 0.945.
Trial: 7
- N Epochs: 5000
- N Clusters: 20
- Weight (loss): 0.25
- Weight (coords): 0.5
[I 2024-03-12 12:57:13,043] Trial 7 finished with value: {'cscore': 0.742} and parameters: {'N_epochs': 5000, 'n_clusters': 20, 'weight_loss': 0.25, 'weight_coords': 0.5}. Best is trial 4 with value: 0.945.
Trial: 8
- N Epochs: 10000
- N Clusters: 5
- Weight (loss): 0.25
- Weight (coords): 1
[I 2024-03-12 13:53:34,050] Trial 8 finished with value: {'cscore': 0.384} and parameters: {'N_epochs': 10000, 'n_clusters': 5, 'weight_loss': 0.25, 'weight_coords': 1}. Best is trial 4 with value: 0.945.
Trial: 9
- N Epochs: 10000
- N Clusters: 15
- Weight (loss): 0.25
- Weight (coords): 0.25
[I 2024-03-12 14:50:37,480] Trial 9 finished with value: {'cscore': 0.856} and parameters: {'N_epochs': 10000, 'n_clusters': 15, 'weight_loss': 0.25, 'weight_coords': 0.25}. Best is trial 4 with value: 0.945.
Trial: 10
- N Epochs: 1000
- N Clusters: 10
- Weight (loss): 0.5
- Weight (coords): 0.5
[I 2024-03-12 14:57:44,882] Trial 10 finished with value: {'cscore': 0.727} and parameters: {'N_epochs': 1000, 'n_clusters': 10, 'weight_loss': 0.5, 'weight_coords': 0.5}. Best is trial 4 with value: 0.945.
Trial: 11
- N Epochs: 5000
- N Clusters: 15
- Weight (loss): 0.5
- Weight (coords): 0.75
[I 2024-03-12 15:27:09,760] Trial 11 finished with value: {'cscore': 0.955} and parameters: {'N_epochs': 5000, 'n_clusters': 15, 'weight_loss': 0.5, 'weight_coords': 0.75}. Best is trial 11 with value: 0.955.
Trial: 12
- N Epochs: 5000
- N Clusters: 10
- Weight (loss): 0.5
- Weight (coords): 0.75
[I 2024-03-12 15:56:12,970] Trial 12 finished with value: {'cscore': 0.944} and parameters: {'N_epochs': 5000, 'n_clusters': 10, 'weight_loss': 0.5, 'weight_coords': 0.75}. Best is trial 11 with value: 0.955.
Trial: 13
- N Epochs: 10000
- N Clusters: 10
- Weight (loss): 0.5
- Weight (coords): 0.75
[I 2024-03-12 16:53:18,191] Trial 13 finished with value: {'cscore': 0.89} and parameters: {'N_epochs': 10000, 'n_clusters': 10, 'weight_loss': 0.5, 'weight_coords': 0.75}. Best is trial 11 with value: 0.955.
Trial: 14
- N Epochs: 5000
- N Clusters: 15
- Weight (loss): 0.5
- Weight (coords): 0.5
[I 2024-03-12 17:22:23,844] Trial 14 finished with value: {'cscore': 0.952} and parameters: {'N_epochs': 5000, 'n_clusters': 15, 'weight_loss': 0.5, 'weight_coords': 0.5}. Best is trial 11 with value: 0.955.
Trial: 15
- N Epochs: 5000
- N Clusters: 15
- Weight (loss): 1
- Weight (coords): 0.75
[I 2024-03-12 17:51:34,444] Trial 15 finished with value: {'cscore': 0.886} and parameters: {'N_epochs': 5000, 'n_clusters': 15, 'weight_loss': 1, 'weight_coords': 0.75}. Best is trial 11 with value: 0.955.
Trial: 16
- N Epochs: 5000
- N Clusters: 15
- Weight (loss): 0.5
- Weight (coords): 0.25
[I 2024-03-12 18:20:35,519] Trial 16 finished with value: {'cscore': 0.967} and parameters: {'N_epochs': 5000, 'n_clusters': 15, 'weight_loss': 0.5, 'weight_coords': 0.25}. Best is trial 16 with value: 0.967.
Trial: 17
- N Epochs: 5000
- N Clusters: 15
- Weight (loss): 0.5
- Weight (coords): 0.25
[I 2024-03-12 18:49:29,941] Trial 17 finished with value: {'cscore': 0.95} and parameters: {'N_epochs': 5000, 'n_clusters': 15, 'weight_loss': 0.5, 'weight_coords': 0.25}. Best is trial 16 with value: 0.967.
Trial: 18
- N Epochs: 5000
- N Clusters: 15
- Weight (loss): 0.5
- Weight (coords): 0.25
[I 2024-03-12 19:18:56,827] Trial 18 finished with value: {'cscore': 0.971} and parameters: {'N_epochs': 5000, 'n_clusters': 15, 'weight_loss': 0.5, 'weight_coords': 0.25}. Best is trial 18 with value: 0.971.
Trial: 19
- N Epochs: 5000
- N Clusters: 15
- Weight (loss): 1
- Weight (coords): 0.25
