Using cuda:0
log dir: /home/vitorro/Repositories/sensors2024/outputs/
------
[I 2024-03-08 20:37:37,149] A new study created in memory with name: maximize_cluster_score: 20@parts_10.0@level_1@nanom
Trial: 0
- N Epochs: 500
- N Clusters: 10
- Weight (loss): 0.25
- Weight (coords): 0.75
[I 2024-03-08 20:37:53,072] Trial 0 finished with value: {'cscore': 0.101} and parameters: {'N_epochs': 500, 'n_clusters': 10, 'weight_loss': 0.25, 'weight_coords': 0.75}. Best is trial 0 with value: 0.101.
Trial: 1
- N Epochs: 250
- N Clusters: 15
- Weight (loss): 1
- Weight (coords): 0.5
[I 2024-03-08 20:37:57,547] Trial 1 finished with value: {'cscore': 0.623} and parameters: {'N_epochs': 250, 'n_clusters': 15, 'weight_loss': 1, 'weight_coords': 0.5}. Best is trial 1 with value: 0.623.
____ END OF STUDY ___


Using cuda:0
log dir: /home/vitorro/Repositories/sensors2024/outputs/
------
[I 2024-03-08 20:49:47,049] A new study created in memory with name: maximize_cluster_score: 20parts_10level_1anomaly
Trial: 0
- N Epochs: 5000
- N Clusters: 10
- Weight (loss): 1
- Weight (coords): 0.25
[I 2024-03-08 21:30:39,787] Trial 0 finished with value: {'cscore': 0.743} and parameters: {'N_epochs': 5000, 'n_clusters': 10, 'weight_loss': 1, 'weight_coords': 0.25}. Best is trial 0 with value: 0.743.
Trial: 1
- N Epochs: 1000
- N Clusters: 5
- Weight (loss): 1
- Weight (coords): 0.5
[I 2024-03-08 21:40:00,808] Trial 1 finished with value: {'cscore': 0.543} and parameters: {'N_epochs': 1000, 'n_clusters': 5, 'weight_loss': 1, 'weight_coords': 0.5}. Best is trial 0 with value: 0.743.
Trial: 2
- N Epochs: 5000
- N Clusters: 20
- Weight (loss): 0.25
- Weight (coords): 0
[I 2024-03-08 22:21:01,919] Trial 2 finished with value: {'cscore': 0.314} and parameters: {'N_epochs': 5000, 'n_clusters': 20, 'weight_loss': 0.25, 'weight_coords': 0}. Best is trial 0 with value: 0.743.
Trial: 3
- N Epochs: 5000
- N Clusters: 10
- Weight (loss): 0.25
- Weight (coords): 1
[I 2024-03-08 23:02:09,684] Trial 3 finished with value: {'cscore': 0.9} and parameters: {'N_epochs': 5000, 'n_clusters': 10, 'weight_loss': 0.25, 'weight_coords': 1}. Best is trial 3 with value: 0.9.
Trial: 4
- N Epochs: 500
- N Clusters: 5
- Weight (loss): 0.25
- Weight (coords): 0.25
[I 2024-03-08 23:07:25,456] Trial 4 finished with value: {'cscore': 0.516} and parameters: {'N_epochs': 500, 'n_clusters': 5, 'weight_loss': 0.25, 'weight_coords': 0.25}. Best is trial 3 with value: 0.9.
Trial: 5
- N Epochs: 1000
- N Clusters: 5
- Weight (loss): 1
- Weight (coords): 0.5
[I 2024-03-08 23:16:34,751] Trial 5 finished with value: {'cscore': 0.538} and parameters: {'N_epochs': 1000, 'n_clusters': 5, 'weight_loss': 1, 'weight_coords': 0.5}. Best is trial 3 with value: 0.9.
Trial: 6
- N Epochs: 1000
- N Clusters: 15
- Weight (loss): 0.25
- Weight (coords): 0.75
[I 2024-03-08 23:25:57,543] Trial 6 finished with value: {'cscore': 0.613} and parameters: {'N_epochs': 1000, 'n_clusters': 15, 'weight_loss': 0.25, 'weight_coords': 0.75}. Best is trial 3 with value: 0.9.
Trial: 7
- N Epochs: 1000
- N Clusters: 10
- Weight (loss): 0.5
- Weight (coords): 0.75
[I 2024-03-08 23:35:16,673] Trial 7 finished with value: {'cscore': 0.938} and parameters: {'N_epochs': 1000, 'n_clusters': 10, 'weight_loss': 0.5, 'weight_coords': 0.75}. Best is trial 7 with value: 0.938.
Trial: 8
- N Epochs: 1000
- N Clusters: 20
- Weight (loss): 0
- Weight (coords): 0
[I 2024-03-08 23:44:32,065] Trial 8 finished with value: {'cscore': 0.271} and parameters: {'N_epochs': 1000, 'n_clusters': 20, 'weight_loss': 0, 'weight_coords': 0}. Best is trial 7 with value: 0.938.
Trial: 9
- N Epochs: 1000
- N Clusters: 15
- Weight (loss): 0.75
- Weight (coords): 0.75
[I 2024-03-08 23:54:08,579] Trial 9 finished with value: {'cscore': 0.965} and parameters: {'N_epochs': 1000, 'n_clusters': 15, 'weight_loss': 0.75, 'weight_coords': 0.75}. Best is trial 9 with value: 0.965.
Trial: 10
- N Epochs: 1000
- N Clusters: 15
- Weight (loss): 0.75
- Weight (coords): 0.75
[I 2024-03-09 00:03:42,671] Trial 10 finished with value: {'cscore': 0.961} and parameters: {'N_epochs': 1000, 'n_clusters': 15, 'weight_loss': 0.75, 'weight_coords': 0.75}. Best is trial 9 with value: 0.965.
Trial: 11
- N Epochs: 1000
- N Clusters: 15
- Weight (loss): 0.75
- Weight (coords): 0.75
[I 2024-03-09 00:12:54,130] Trial 11 finished with value: {'cscore': 0.983} and parameters: {'N_epochs': 1000, 'n_clusters': 15, 'weight_loss': 0.75, 'weight_coords': 0.75}. Best is trial 11 with value: 0.983.
Trial: 12
- N Epochs: 1000
- N Clusters: 15
- Weight (loss): 0.75
- Weight (coords): 0.75
[I 2024-03-09 00:22:21,538] Trial 12 finished with value: {'cscore': 0.963} and parameters: {'N_epochs': 1000, 'n_clusters': 15, 'weight_loss': 0.75, 'weight_coords': 0.75}. Best is trial 11 with value: 0.983.
Trial: 13
- N Epochs: 1000
- N Clusters: 15
- Weight (loss): 0.75
- Weight (coords): 0.75
[I 2024-03-09 00:31:43,003] Trial 13 finished with value: {'cscore': 0.976} and parameters: {'N_epochs': 1000, 'n_clusters': 15, 'weight_loss': 0.75, 'weight_coords': 0.75}. Best is trial 11 with value: 0.983.
Trial: 14
- N Epochs: 1000
- N Clusters: 15
- Weight (loss): 0.75
- Weight (coords): 1
[I 2024-03-09 00:41:01,434] Trial 14 finished with value: {'cscore': 0.994} and parameters: {'N_epochs': 1000, 'n_clusters': 15, 'weight_loss': 0.75, 'weight_coords': 1}. Best is trial 14 with value: 0.994.
Trial: 15
- N Epochs: 500
- N Clusters: 15
- Weight (loss): 0.75
- Weight (coords): 1
[I 2024-03-09 00:46:36,541] Trial 15 finished with value: {'cscore': 0.927} and parameters: {'N_epochs': 500, 'n_clusters': 15, 'weight_loss': 0.75, 'weight_coords': 1}. Best is trial 14 with value: 0.994.
Trial: 16
- N Epochs: 1000
- N Clusters: 15
- Weight (loss): 0.5
- Weight (coords): 1
[I 2024-03-09 00:56:19,714] Trial 16 finished with value: {'cscore': 0.946} and parameters: {'N_epochs': 1000, 'n_clusters': 15, 'weight_loss': 0.5, 'weight_coords': 1}. Best is trial 14 with value: 0.994.
Trial: 17
- N Epochs: 1000
- N Clusters: 15
- Weight (loss): 0
- Weight (coords): 1
[I 2024-03-09 01:06:00,178] Trial 17 finished with value: {'cscore': 0.237} and parameters: {'N_epochs': 1000, 'n_clusters': 15, 'weight_loss': 0, 'weight_coords': 1}. Best is trial 14 with value: 0.994.
Trial: 18
- N Epochs: 1000
- N Clusters: 20
- Weight (loss): 0.75
- Weight (coords): 1
[I 2024-03-09 01:15:50,930] Trial 18 finished with value: {'cscore': 0.965} and parameters: {'N_epochs': 1000, 'n_clusters': 20, 'weight_loss': 0.75, 'weight_coords': 1}. Best is trial 14 with value: 0.994.
Trial: 19
- N Epochs: 1000
- N Clusters: 15
- Weight (loss): 0.75
- Weight (coords): 0.5
[I 2024-03-09 01:25:34,983] Trial 19 finished with value: {'cscore': 0.979} and parameters: {'N_epochs': 1000, 'n_clusters': 15, 'weight_loss': 0.75, 'weight_coords': 0.5}. Best is trial 14 with value: 0.994.
Trial: 20
- N Epochs: 1000
- N Clusters: 15
- Weight (loss): 0.75
- Weight (coords): 0
[I 2024-03-09 01:35:18,751] Trial 20 finished with value: {'cscore': 0.96} and parameters: {'N_epochs': 1000, 'n_clusters': 15, 'weight_loss': 0.75, 'weight_coords': 0}. Best is trial 14 with value: 0.994.
Trial: 21
- N Epochs: 1000
- N Clusters: 15
- Weight (loss): 0.75
- Weight (coords): 0.5
[I 2024-03-09 01:45:04,033] Trial 21 finished with value: {'cscore': 0.985} and parameters: {'N_epochs': 1000, 'n_clusters': 15, 'weight_loss': 0.75, 'weight_coords': 0.5}. Best is trial 14 with value: 0.994.
Trial: 22
- N Epochs: 1000
- N Clusters: 15
- Weight (loss): 0.75
- Weight (coords): 0.5
[I 2024-03-09 01:54:40,812] Trial 22 finished with value: {'cscore': 0.979} and parameters: {'N_epochs': 1000, 'n_clusters': 15, 'weight_loss': 0.75, 'weight_coords': 0.5}. Best is trial 14 with value: 0.994.
Trial: 23
- N Epochs: 1000
- N Clusters: 15
- Weight (loss): 0.75
- Weight (coords): 0.5
[I 2024-03-09 02:04:23,592] Trial 23 finished with value: {'cscore': 0.969} and parameters: {'N_epochs': 1000, 'n_clusters': 15, 'weight_loss': 0.75, 'weight_coords': 0.5}. Best is trial 14 with value: 0.994.
Trial: 24
- N Epochs: 1000
- N Clusters: 15
- Weight (loss): 0
- Weight (coords): 0.25
[I 2024-03-09 02:14:21,078] Trial 24 finished with value: {'cscore': 0.237} and parameters: {'N_epochs': 1000, 'n_clusters': 15, 'weight_loss': 0, 'weight_coords': 0.25}. Best is trial 14 with value: 0.994.
Trial: 25
- N Epochs: 1000
- N Clusters: 15
- Weight (loss): 0.5
- Weight (coords): 1
[I 2024-03-09 02:24:12,021] Trial 25 finished with value: {'cscore': 0.945} and parameters: {'N_epochs': 1000, 'n_clusters': 15, 'weight_loss': 0.5, 'weight_coords': 1}. Best is trial 14 with value: 0.994.
Trial: 26
- N Epochs: 1000
- N Clusters: 20
- Weight (loss): 0.75
- Weight (coords): 0.5
[I 2024-03-09 02:34:01,509] Trial 26 finished with value: {'cscore': 0.966} and parameters: {'N_epochs': 1000, 'n_clusters': 20, 'weight_loss': 0.75, 'weight_coords': 0.5}. Best is trial 14 with value: 0.994.
Trial: 27
- N Epochs: 1000
- N Clusters: 10
- Weight (loss): 0.75
- Weight (coords): 0.5
[I 2024-03-09 02:43:47,297] Trial 27 finished with value: {'cscore': 0.988} and parameters: {'N_epochs': 1000, 'n_clusters': 10, 'weight_loss': 0.75, 'weight_coords': 0.5}. Best is trial 14 with value: 0.994.
Trial: 28
- N Epochs: 1000
- N Clusters: 10
- Weight (loss): 0.75
- Weight (coords): 0.5
[I 2024-03-09 02:53:36,303] Trial 28 finished with value: {'cscore': 0.973} and parameters: {'N_epochs': 1000, 'n_clusters': 10, 'weight_loss': 0.75, 'weight_coords': 0.5}. Best is trial 14 with value: 0.994.
Trial: 29
- N Epochs: 1000
- N Clusters: 10
- Weight (loss): 1
- Weight (coords): 0.5
[I 2024-03-09 03:03:26,356] Trial 29 finished with value: {'cscore': 0.994} and parameters: {'N_epochs': 1000, 'n_clusters': 10, 'weight_loss': 1, 'weight_coords': 0.5}. Best is trial 14 with value: 0.994.
Trial: 30
- N Epochs: 1000
- N Clusters: 10
- Weight (loss): 1
- Weight (coords): 0.25
[I 2024-03-09 03:13:09,086] Trial 30 finished with value: {'cscore': 0.998} and parameters: {'N_epochs': 1000, 'n_clusters': 10, 'weight_loss': 1, 'weight_coords': 0.25}. Best is trial 30 with value: 0.998.
Trial: 31
- N Epochs: 1000
- N Clusters: 10
- Weight (loss): 1
- Weight (coords): 0.25
[I 2024-03-09 03:23:02,628] Trial 31 finished with value: {'cscore': 0.998} and parameters: {'N_epochs': 1000, 'n_clusters': 10, 'weight_loss': 1, 'weight_coords': 0.25}. Best is trial 30 with value: 0.998.
Trial: 32
- N Epochs: 1000
- N Clusters: 10
- Weight (loss): 1
- Weight (coords): 0.25
[I 2024-03-09 03:32:45,168] Trial 32 finished with value: {'cscore': 0.998} and parameters: {'N_epochs': 1000, 'n_clusters': 10, 'weight_loss': 1, 'weight_coords': 0.25}. Best is trial 30 with value: 0.998.
Trial: 33
- N Epochs: 1000
- N Clusters: 10
- Weight (loss): 1
- Weight (coords): 0.25
[I 2024-03-09 03:42:28,162] Trial 33 finished with value: {'cscore': 0.998} and parameters: {'N_epochs': 1000, 'n_clusters': 10, 'weight_loss': 1, 'weight_coords': 0.25}. Best is trial 30 with value: 0.998.
Trial: 34
- N Epochs: 1000
- N Clusters: 10
- Weight (loss): 1
- Weight (coords): 0.25
[I 2024-03-09 03:52:16,401] Trial 34 finished with value: {'cscore': 0.998} and parameters: {'N_epochs': 1000, 'n_clusters': 10, 'weight_loss': 1, 'weight_coords': 0.25}. Best is trial 30 with value: 0.998.
Trial: 35
- N Epochs: 1000
- N Clusters: 10
- Weight (loss): 1
- Weight (coords): 0.25
[I 2024-03-09 04:02:01,533] Trial 35 finished with value: {'cscore': 0.998} and parameters: {'N_epochs': 1000, 'n_clusters': 10, 'weight_loss': 1, 'weight_coords': 0.25}. Best is trial 30 with value: 0.998.
Trial: 36
- N Epochs: 1000
- N Clusters: 10
- Weight (loss): 1
- Weight (coords): 0.25
[I 2024-03-09 04:11:47,946] Trial 36 finished with value: {'cscore': 0.998} and parameters: {'N_epochs': 1000, 'n_clusters': 10, 'weight_loss': 1, 'weight_coords': 0.25}. Best is trial 30 with value: 0.998.
Trial: 37
- N Epochs: 1000
- N Clusters: 10
- Weight (loss): 1
- Weight (coords): 0.25
[I 2024-03-09 04:21:38,155] Trial 37 finished with value: {'cscore': 0.997} and parameters: {'N_epochs': 1000, 'n_clusters': 10, 'weight_loss': 1, 'weight_coords': 0.25}. Best is trial 30 with value: 0.998.
Trial: 38
- N Epochs: 1000
- N Clusters: 10
- Weight (loss): 1
- Weight (coords): 0.25
[I 2024-03-09 04:31:15,658] Trial 38 finished with value: {'cscore': 0.998} and parameters: {'N_epochs': 1000, 'n_clusters': 10, 'weight_loss': 1, 'weight_coords': 0.25}. Best is trial 30 with value: 0.998.
Trial: 39
- N Epochs: 1000
- N Clusters: 5
- Weight (loss): 1
- Weight (coords): 0.25
[I 2024-03-09 04:41:08,152] Trial 39 finished with value: {'cscore': 0.899} and parameters: {'N_epochs': 1000, 'n_clusters': 5, 'weight_loss': 1, 'weight_coords': 0.25}. Best is trial 30 with value: 0.998.
Trial: 40
- N Epochs: 1000
- N Clusters: 10
- Weight (loss): 1
- Weight (coords): 0.25
[I 2024-03-09 04:50:56,103] Trial 40 finished with value: {'cscore': 0.998} and parameters: {'N_epochs': 1000, 'n_clusters': 10, 'weight_loss': 1, 'weight_coords': 0.25}. Best is trial 30 with value: 0.998.
Trial: 41
- N Epochs: 1000
- N Clusters: 10
- Weight (loss): 1
- Weight (coords): 0.25
[I 2024-03-09 05:00:40,567] Trial 41 finished with value: {'cscore': 0.998} and parameters: {'N_epochs': 1000, 'n_clusters': 10, 'weight_loss': 1, 'weight_coords': 0.25}. Best is trial 30 with value: 0.998.
Trial: 42
- N Epochs: 1000
- N Clusters: 10
- Weight (loss): 1
- Weight (coords): 0.25
[I 2024-03-09 05:10:21,729] Trial 42 finished with value: {'cscore': 0.998} and parameters: {'N_epochs': 1000, 'n_clusters': 10, 'weight_loss': 1, 'weight_coords': 0.25}. Best is trial 30 with value: 0.998.
Trial: 43
- N Epochs: 1000
- N Clusters: 10
- Weight (loss): 1
- Weight (coords): 0.25
[I 2024-03-09 05:19:55,197] Trial 43 finished with value: {'cscore': 0.995} and parameters: {'N_epochs': 1000, 'n_clusters': 10, 'weight_loss': 1, 'weight_coords': 0.25}. Best is trial 30 with value: 0.998.
Trial: 44
- N Epochs: 1000
- N Clusters: 10
- Weight (loss): 1
- Weight (coords): 0.25
[I 2024-03-09 05:29:40,016] Trial 44 finished with value: {'cscore': 0.998} and parameters: {'N_epochs': 1000, 'n_clusters': 10, 'weight_loss': 1, 'weight_coords': 0.25}. Best is trial 30 with value: 0.998.
Trial: 45
- N Epochs: 5000
- N Clusters: 10
- Weight (loss): 0.25
- Weight (coords): 0.25
[I 2024-03-09 06:12:06,304] Trial 45 finished with value: {'cscore': 0.885} and parameters: {'N_epochs': 5000, 'n_clusters': 10, 'weight_loss': 0.25, 'weight_coords': 0.25}. Best is trial 30 with value: 0.998.
Trial: 46
- N Epochs: 1000
- N Clusters: 5
- Weight (loss): 1
- Weight (coords): 0.25
[I 2024-03-09 06:21:52,430] Trial 46 finished with value: {'cscore': 0.885} and parameters: {'N_epochs': 1000, 'n_clusters': 5, 'weight_loss': 1, 'weight_coords': 0.25}. Best is trial 30 with value: 0.998.
Trial: 47
- N Epochs: 1000
- N Clusters: 10
- Weight (loss): 1
- Weight (coords): 0
[I 2024-03-09 06:31:43,656] Trial 47 finished with value: {'cscore': 0.992} and parameters: {'N_epochs': 1000, 'n_clusters': 10, 'weight_loss': 1, 'weight_coords': 0}. Best is trial 30 with value: 0.998.
Trial: 48
- N Epochs: 1000
- N Clusters: 10
- Weight (loss): 1
- Weight (coords): 0.25
[I 2024-03-09 06:41:29,244] Trial 48 finished with value: {'cscore': 0.998} and parameters: {'N_epochs': 1000, 'n_clusters': 10, 'weight_loss': 1, 'weight_coords': 0.25}. Best is trial 30 with value: 0.998.
Trial: 49
- N Epochs: 1000
- N Clusters: 10
- Weight (loss): 0.25
- Weight (coords): 0.25
